2024-01-08 18:01:10,912 - INFO, Module: "basehttp", Message: "GET /news/search/ HTTP/1.1" 200 11730
2024-01-08 18:01:25,462 - INFO, Module: "basehttp", Message: "GET /news/ HTTP/1.1" 200 8751
2024-01-08 18:01:27,081 - WARNING, Module: "basehttp", Message: "GET /news/create/ HTTP/1.1" 403 135
2024-01-08 18:01:45,502 - INFO, Module: "basehttp", Message: "GET /accounts/logout/ HTTP/1.1" 200 443
2024-01-08 18:01:47,192 - INFO, Module: "basehttp", Message: "POST /accounts/logout/ HTTP/1.1" 302 0
2024-01-08 18:01:47,204 - INFO, Module: "basehttp", Message: "GET / HTTP/1.1" 302 0
2024-01-08 18:01:47,779 - INFO, Module: "basehttp", Message: "GET /accounts/login/?next=/ HTTP/1.1" 200 1567
2024-01-08 18:01:50,699 - INFO, Module: "basehttp", Message: "POST /accounts/login/ HTTP/1.1" 302 0
2024-01-08 18:01:50,768 - INFO, Module: "basehttp", Message: "GET / HTTP/1.1" 200 978
2024-01-08 18:01:52,199 - INFO, Module: "basehttp", Message: "GET /sign/upgrade/ HTTP/1.1" 302 0
2024-01-08 18:01:52,264 - INFO, Module: "basehttp", Message: "GET / HTTP/1.1" 200 980
2024-01-08 18:01:55,265 - INFO, Module: "basehttp", Message: "GET /news HTTP/1.1" 301 0
2024-01-08 18:01:55,403 - INFO, Module: "basehttp", Message: "GET /news/ HTTP/1.1" 200 8751
2024-01-08 18:01:57,194 - INFO, Module: "basehttp", Message: "GET /news/create HTTP/1.1" 301 0
2024-01-08 18:01:57,279 - INFO, Module: "basehttp", Message: "GET /news/create/ HTTP/1.1" 200 2250
2024-01-08 18:04:12,230 - INFO, Module: "basehttp", Message: "GET /news/ HTTP/1.1" 200 8668
2024-01-08 18:04:25,139 - INFO, Module: "basehttp", Message: "GET /news/160 HTTP/1.1" 200 1755
2024-01-08 18:06:05,909 - INFO, Module: "basehttp", Message: - Broken pipe from ('127.0.0.1', 14467)
2024-01-10 12:06:20,200 - INFO, Module: "autoreload", Message: Watching for file changes with StatReloader
2024-01-10 12:06:29,915 - INFO, Module: "basehttp", Message: "GET / HTTP/1.1" 200 980
2024-01-10 12:06:33,953 - INFO, Module: "basehttp", Message: "GET /news/create/ HTTP/1.1" 200 2250
2024-01-10 12:06:34,440 - INFO, Module: "basehttp", Message: "GET /static/images/news.jpeg HTTP/1.1" 200 7036
2024-01-10 12:06:39,100 - INFO, Module: "basehttp", Message: "GET /news/ HTTP/1.1" 200 8668
2024-01-10 12:06:45,800 - INFO, Module: "basehttp", Message: "GET /news/create/ HTTP/1.1" 200 2250
2024-01-10 12:07:04,526 - INFO, Module: "basehttp", Message: "GET /news/create/ HTTP/1.1" 200 2250
2024-01-10 12:07:27,638 - INFO, Module: "basehttp", Message: "GET /news/create/ HTTP/1.1" 302 0
2024-01-10 12:07:27,800 - INFO, Module: "basehttp", Message: "GET /accounts/login/?next=/news/create/ HTTP/1.1" 200 1611
2024-01-10 12:07:30,696 - WARNING, Module: "basehttp", Message: "GET /favicon.ico HTTP/1.1" 404 2581
2024-01-10 12:07:56,728 - INFO, Module: "basehttp", Message: "GET /accounts/google/login/?process=login&next=%2Fnews%2Fcreate%2F HTTP/1.1" 200 453
2024-01-10 12:07:58,858 - INFO, Module: "basehttp", Message: "POST /accounts/google/login/?process=login&next=%2Fnews%2Fcreate%2F HTTP/1.1" 302 0
2024-01-10 12:08:01,649 - INFO, Module: "basehttp", Message: "GET /accounts/google/login/callback/?state=WMK9gVCUpnZ4BsCK&code=4%2F0AfJohXmRZvzSudLE5fESVEHKY0w8treI3pJc363iGdI68-apVjVb0wUYnCOep9lNIcMqHQ&scope=email+profile+https%3A%2F%2Fwww.googleapis.com%2Fauth%2Fuserinfo.email+https%3A%2F%2Fwww.googleapis.com%2Fauth%2Fuserinfo.profile+openid&authuser=0&prompt=consent HTTP/1.1" 302 0
2024-01-10 12:08:01,696 - INFO, Module: "basehttp", Message: "GET /accounts/social/signup/ HTTP/1.1" 200 801
2024-01-10 12:08:03,634 - INFO, Module: "basehttp", Message: "POST /accounts/social/signup/ HTTP/1.1" 200 962
2024-01-10 12:08:06,766 - INFO, Module: "basehttp", Message: "POST /accounts/social/signup/ HTTP/1.1" 200 962
2024-01-10 12:08:10,557 - INFO, Module: "basehttp", Message: "POST /accounts/social/signup/ HTTP/1.1" 200 962
2024-01-10 12:08:14,004 - INFO, Module: "basehttp", Message: "GET /accounts/social/signup/ HTTP/1.1" 200 801
2024-01-10 12:08:15,819 - INFO, Module: "basehttp", Message: "GET /accounts/google/login/callback/?state=WMK9gVCUpnZ4BsCK&code=4%2F0AfJohXnrzO15EheXf1j-CC-o_i6bjeOZIrIC6wp6IKouIsBm70BYTgar17TxGRfChxgJNw&scope=email+profile+https%3A%2F%2Fwww.googleapis.com%2Fauth%2Fuserinfo.email+https%3A%2F%2Fwww.googleapis.com%2Fauth%2Fuserinfo.profile+openid&authuser=0&prompt=none HTTP/1.1" 200 297
2024-01-10 12:08:42,016 - INFO, Module: "basehttp", Message: - Broken pipe from ('127.0.0.1', 34769)
2024-01-10 12:09:22,221 - INFO, Module: "basehttp", Message: "GET / HTTP/1.1" 302 0
2024-01-10 12:09:22,256 - INFO, Module: "basehttp", Message: "GET /accounts/login/?next=/ HTTP/1.1" 200 1567
2024-01-10 12:09:54,201 - INFO, Module: "basehttp", Message: "POST /accounts/login/ HTTP/1.1" 302 0
2024-01-10 12:09:54,219 - INFO, Module: "basehttp", Message: "GET / HTTP/1.1" 200 962
2024-01-10 12:09:59,471 - ERROR, Module: "basehttp", Message: "GET /sign/upgrade/ HTTP/1.1" 500 170810
2024-01-10 12:11:39,051 - INFO, Module: "basehttp", Message: "GET / HTTP/1.1" 200 980
2024-01-10 12:11:45,926 - INFO, Module: "basehttp", Message: "GET /news/create/ HTTP/1.1" 200 2250
2024-01-10 12:11:51,086 - INFO, Module: "basehttp", Message: "GET /news/ HTTP/1.1" 200 8555
2024-01-10 12:11:54,312 - INFO, Module: "basehttp", Message: "GET /news/create/ HTTP/1.1" 200 2250
2024-01-10 12:12:53,022 - INFO, Module: "basehttp", Message: "GET /news/create/ HTTP/1.1" 200 2250
2024-01-10 12:12:55,324 - INFO, Module: "basehttp", Message: "GET /news/ HTTP/1.1" 200 8423
2024-01-10 12:12:57,738 - INFO, Module: "basehttp", Message: "GET /news/delete/161 HTTP/1.1" 200 1680
2024-01-10 12:12:59,424 - INFO, Module: "basehttp", Message: "POST /news/delete/161 HTTP/1.1" 302 0
2024-01-10 12:12:59,512 - INFO, Module: "basehttp", Message: "GET /news/ HTTP/1.1" 200 8556
2024-01-10 12:13:02,854 - INFO, Module: "basehttp", Message: "GET /news/delete/162 HTTP/1.1" 200 1681
2024-01-10 12:13:04,118 - INFO, Module: "basehttp", Message: "POST /news/delete/162 HTTP/1.1" 302 0
2024-01-10 12:13:04,208 - INFO, Module: "basehttp", Message: "GET /news/ HTTP/1.1" 200 8668
2024-01-10 12:13:15,281 - INFO, Module: "basehttp", Message: "GET /news/create/ HTTP/1.1" 200 2250
2024-01-10 12:13:50,627 - INFO, Module: "basehttp", Message: - Broken pipe from ('127.0.0.1', 34768)
2024-01-10 12:15:12,849 - ERROR, Module: "basehttp", Message: "POST /news/create/ HTTP/1.1" 500 290396
2024-01-10 12:31:15,529 - INFO, Module: "basehttp", Message: "GET /sign/upgrade/ HTTP/1.1" 302 0
2024-01-10 12:31:15,834 - INFO, Module: "basehttp", Message: "GET /accounts/login/?next=/sign/upgrade/ HTTP/1.1" 200 1614
2024-01-10 12:31:16,887 - WARNING, Module: "basehttp", Message: "GET /favicon.ico HTTP/1.1" 404 2581
2024-01-10 12:39:08,084 - INFO, Module: "autoreload", Message: C:\Project_News_Portal\News_Portal\News_Portal\settings.py changed, reloading.
2024-01-10 12:39:13,706 - INFO, Module: "autoreload", Message: Watching for file changes with StatReloader
2024-01-10 12:54:54,443 - INFO, Module: "autoreload", Message: C:\Project_News_Portal\News_Portal\News_Portal\settings.py changed, reloading.
2024-01-10 12:54:58,042 - INFO, Module: "autoreload", Message: Watching for file changes with StatReloader
2024-01-10 12:55:21,279 - INFO, Module: "autoreload", Message: C:\Project_News_Portal\News_Portal\News_Portal\settings.py changed, reloading.
2024-01-10 12:55:25,579 - INFO, Module: "autoreload", Message: Watching for file changes with StatReloader
2024-01-10 12:55:31,208 - INFO, Module: "autoreload", Message: C:\Project_News_Portal\News_Portal\News_Portal\settings.py changed, reloading.
2024-01-10 12:55:34,820 - INFO, Module: "autoreload", Message: Watching for file changes with StatReloader
2024-01-10 13:42:55,928 - INFO, Module: "autoreload", Message: C:\Project_News_Portal\News_Portal\News_Portal\settings.py changed, reloading.
2024-01-10 13:43:01,240 - INFO, Module: "autoreload", Message: Watching for file changes with StatReloader
2024-01-10 14:57:35,834 - INFO, Module: "autoreload", Message: Watching for file changes with StatReloader
2024-01-10 14:57:45,549 - INFO, Module: "basehttp", Message: "GET / HTTP/1.1" 200 980
2024-01-10 14:57:46,220 - WARNING, Module: "basehttp", Message: "GET /favicon.ico HTTP/1.1" 404 2581
2024-01-10 14:57:51,207 - INFO, Module: "basehttp", Message: "GET /news/create HTTP/1.1" 301 0
2024-01-10 14:57:51,364 - INFO, Module: "basehttp", Message: "GET /news/create/ HTTP/1.1" 200 2250
2024-01-10 14:57:52,011 - INFO, Module: "basehttp", Message: "GET /static/images/news.jpeg HTTP/1.1" 200 7036
2024-01-10 14:57:55,955 - INFO, Module: "basehttp", Message: "GET /news HTTP/1.1" 301 0
2024-01-10 14:57:56,126 - INFO, Module: "basehttp", Message: "GET /news/ HTTP/1.1" 200 8623
2024-01-10 14:57:59,615 - INFO, Module: "basehttp", Message: "GET /news/delete/163 HTTP/1.1" 200 1682
2024-01-10 14:58:01,186 - INFO, Module: "basehttp", Message: "POST /news/delete/163 HTTP/1.1" 302 0
2024-01-10 14:58:01,290 - INFO, Module: "basehttp", Message: "GET /news/ HTTP/1.1" 200 8741
2024-01-10 14:58:03,204 - INFO, Module: "basehttp", Message: "GET /news/create/ HTTP/1.1" 200 2250
2024-01-10 14:58:14,477 - INFO, Module: "basehttp", Message: "GET /news/ HTTP/1.1" 200 8626
2024-01-10 14:58:18,923 - INFO, Module: "basehttp", Message: "GET /news/delete/164 HTTP/1.1" 200 1685
2024-01-10 14:58:20,516 - INFO, Module: "basehttp", Message: "POST /news/delete/164 HTTP/1.1" 302 0
2024-01-10 14:58:20,628 - INFO, Module: "basehttp", Message: "GET /news/ HTTP/1.1" 200 8741
2024-01-13 13:25:29,528 - INFO, Module: "autoreload", Message: Watching for file changes with StatReloader
2024-01-13 13:25:33,129 - INFO, Module: "basehttp", Message: "GET / HTTP/1.1" 200 980
2024-01-13 13:25:33,825 - WARNING, Module: "basehttp", Message: "GET /favicon.ico HTTP/1.1" 404 2581
2024-01-13 13:26:01,760 - WARNING, Module: "basehttp", Message: "GET /index HTTP/1.1" 404 2563
2024-01-13 13:36:15,557 - INFO, Module: "autoreload", Message: C:\Project_News_Portal\News_Portal\Models\models.py changed, reloading.
2024-01-13 13:36:20,205 - INFO, Module: "autoreload", Message: Watching for file changes with StatReloader
2024-01-13 13:36:42,781 - INFO, Module: "autoreload", Message: C:\Project_News_Portal\News_Portal\Models\models.py changed, reloading.
2024-01-13 13:36:47,865 - INFO, Module: "autoreload", Message: Watching for file changes with StatReloader
2024-01-13 13:36:56,328 - INFO, Module: "autoreload", Message: C:\Project_News_Portal\News_Portal\Models\models.py changed, reloading.
2024-01-13 13:37:02,365 - INFO, Module: "autoreload", Message: Watching for file changes with StatReloader
2024-01-13 13:37:09,273 - INFO, Module: "autoreload", Message: C:\Project_News_Portal\News_Portal\Models\models.py changed, reloading.
2024-01-13 13:37:14,926 - INFO, Module: "autoreload", Message: Watching for file changes with StatReloader
2024-01-13 13:38:24,851 - INFO, Module: "autoreload", Message: Watching for file changes with StatReloader
2024-01-13 13:38:28,292 - INFO, Module: "basehttp", Message: "GET /admin/ HTTP/1.1" 302 0
2024-01-13 13:38:28,609 - INFO, Module: "basehttp", Message: "GET /admin/login/?next=/admin/ HTTP/1.1" 200 4944
2024-01-13 13:38:29,628 - INFO, Module: "basehttp", Message: "GET /static/admin/css/dark_mode.css HTTP/1.1" 200 2929
2024-01-13 13:38:29,716 - INFO, Module: "basehttp", Message: "GET /static/admin/css/base.css HTTP/1.1" 200 21207
2024-01-13 13:38:29,835 - INFO, Module: "basehttp", Message: "GET /static/admin/css/nav_sidebar.css HTTP/1.1" 200 2694
2024-01-13 13:38:29,928 - INFO, Module: "basehttp", Message: "GET /static/admin/js/nav_sidebar.js HTTP/1.1" 200 3063
2024-01-13 13:38:29,978 - INFO, Module: "basehttp", Message: "GET /static/admin/css/responsive.css HTTP/1.1" 200 18533
2024-01-13 13:38:30,015 - INFO, Module: "basehttp", Message: "GET /static/admin/css/login.css HTTP/1.1" 200 958
2024-01-13 13:38:30,052 - INFO, Module: "basehttp", Message: "GET /static/admin/img/icon-yes.svg HTTP/1.1" 200 436
2024-01-13 13:38:30,236 - INFO, Module: "basehttp", Message: "GET /static/admin/js/theme.js HTTP/1.1" 200 1943
2024-01-13 13:38:46,153 - INFO, Module: "basehttp", Message: "POST /admin/login/?next=/admin/ HTTP/1.1" 302 0
2024-01-13 13:38:46,253 - INFO, Module: "basehttp", Message: "GET /admin/ HTTP/1.1" 200 17169
2024-01-13 13:38:46,321 - INFO, Module: "basehttp", Message: "GET /static/admin/css/dashboard.css HTTP/1.1" 200 441
2024-01-13 13:38:46,430 - INFO, Module: "basehttp", Message: "GET /static/admin/img/icon-addlink.svg HTTP/1.1" 200 331
2024-01-13 13:38:46,439 - INFO, Module: "basehttp", Message: "GET /static/admin/img/icon-changelink.svg HTTP/1.1" 200 380
2024-01-13 13:38:52,028 - INFO, Module: "basehttp", Message: "GET /admin/Models/category/ HTTP/1.1" 200 15160
2024-01-13 13:38:52,084 - INFO, Module: "basehttp", Message: "GET /static/admin/css/changelists.css HTTP/1.1" 200 6566
2024-01-13 13:38:52,099 - INFO, Module: "basehttp", Message: "GET /static/admin/js/core.js HTTP/1.1" 200 5682
2024-01-13 13:38:52,100 - INFO, Module: "basehttp", Message: "GET /static/admin/js/jquery.init.js HTTP/1.1" 200 347
2024-01-13 13:38:52,108 - INFO, Module: "basehttp", Message: "GET /static/admin/js/vendor/jquery/jquery.js HTTP/1.1" 200 292458
2024-01-13 13:38:52,114 - INFO, Module: "basehttp", Message: "GET /static/admin/js/admin/RelatedObjectLookups.js HTTP/1.1" 200 8943
2024-01-13 13:38:52,127 - INFO, Module: "basehttp", Message: "GET /admin/jsi18n/ HTTP/1.1" 200 16066
2024-01-13 13:38:52,215 - INFO, Module: "basehttp", Message: "GET /static/admin/js/vendor/xregexp/xregexp.js HTTP/1.1" 200 232381
2024-01-13 13:38:52,221 - INFO, Module: "basehttp", Message: "GET /static/admin/js/urlify.js HTTP/1.1" 200 7887
2024-01-13 13:38:52,229 - INFO, Module: "basehttp", Message: "GET /static/admin/js/actions.js HTTP/1.1" 200 7872
2024-01-13 13:38:52,231 - INFO, Module: "basehttp", Message: "GET /static/admin/js/prepopulate.js HTTP/1.1" 200 1531
2024-01-13 13:38:52,308 - INFO, Module: "basehttp", Message: "GET /static/admin/js/filters.js HTTP/1.1" 200 978
2024-01-13 13:38:52,347 - INFO, Module: "basehttp", Message: "GET /static/admin/img/tooltag-add.svg HTTP/1.1" 200 331
2024-01-13 13:38:56,212 - INFO, Module: "basehttp", Message: "GET /admin/Models/category/add/ HTTP/1.1" 200 16311
2024-01-13 13:38:56,313 - INFO, Module: "basehttp", Message: "GET /static/admin/css/forms.css HTTP/1.1" 200 9047
2024-01-13 13:38:56,362 - INFO, Module: "basehttp", Message: "GET /admin/jsi18n/ HTTP/1.1" 200 16066
2024-01-13 13:38:56,365 - INFO, Module: "basehttp", Message: "GET /static/admin/js/prepopulate_init.js HTTP/1.1" 200 586
2024-01-13 13:38:56,433 - INFO, Module: "basehttp", Message: "GET /static/admin/js/change_form.js HTTP/1.1" 200 606
2024-01-13 13:38:56,437 - INFO, Module: "basehttp", Message: "GET /static/admin/css/widgets.css HTTP/1.1" 200 11900
2024-01-13 13:39:08,111 - INFO, Module: "basehttp", Message: "GET /admin/Models/category/ HTTP/1.1" 200 15160
2024-01-13 13:39:08,203 - INFO, Module: "basehttp", Message: "GET /admin/jsi18n/ HTTP/1.1" 200 16066
2024-01-13 13:39:20,591 - INFO, Module: "autoreload", Message: C:\Project_News_Portal\News_Portal\Models\models.py changed, reloading.
2024-01-13 13:39:27,266 - INFO, Module: "autoreload", Message: Watching for file changes with StatReloader
2024-01-13 13:39:33,681 - INFO, Module: "autoreload", Message: C:\Project_News_Portal\News_Portal\Models\models.py changed, reloading.
2024-01-13 13:39:37,624 - INFO, Module: "autoreload", Message: Watching for file changes with StatReloader
2024-01-13 13:39:39,215 - INFO, Module: "basehttp", Message: "GET /admin/Models/category/add/ HTTP/1.1" 200 16337
2024-01-13 13:39:39,320 - INFO, Module: "basehttp", Message: "GET /admin/jsi18n/ HTTP/1.1" 200 16066
2024-01-13 13:39:45,598 - INFO, Module: "basehttp", Message: "GET /admin/Models/author/ HTTP/1.1" 200 17019
2024-01-13 13:39:45,662 - INFO, Module: "basehttp", Message: "GET /admin/jsi18n/ HTTP/1.1" 200 16066
2024-01-13 13:39:50,887 - INFO, Module: "basehttp", Message: "GET /admin/Models/comment/ HTTP/1.1" 200 15188
2024-01-13 13:39:50,975 - INFO, Module: "basehttp", Message: "GET /admin/jsi18n/ HTTP/1.1" 200 16066
2024-01-13 13:39:58,991 - INFO, Module: "basehttp", Message: "GET /admin/Models/comment/add/ HTTP/1.1" 200 20931
2024-01-13 13:39:59,120 - INFO, Module: "basehttp", Message: "GET /admin/jsi18n/ HTTP/1.1" 200 16066
2024-01-13 13:39:59,596 - INFO, Module: "basehttp", Message: "GET /static/admin/img/icon-viewlink.svg HTTP/1.1" 200 581
2024-01-13 13:40:04,202 - INFO, Module: "basehttp", Message: "GET /admin/Models/postcategory/ HTTP/1.1" 200 20525
2024-01-13 13:40:04,284 - INFO, Module: "basehttp", Message: "GET /admin/jsi18n/ HTTP/1.1" 200 16066
2024-01-13 13:40:06,729 - INFO, Module: "basehttp", Message: "GET /admin/Models/postcategory/add/ HTTP/1.1" 200 19233
2024-01-13 13:40:06,804 - INFO, Module: "basehttp", Message: "GET /admin/jsi18n/ HTTP/1.1" 200 16066
2024-01-13 13:41:38,171 - INFO, Module: "basehttp", Message: "GET /admin/Models/comment/ HTTP/1.1" 200 15188
2024-01-13 13:41:38,251 - INFO, Module: "basehttp", Message: "GET /admin/jsi18n/ HTTP/1.1" 200 16066
2024-01-13 13:41:49,992 - INFO, Module: "basehttp", Message: "GET /admin/Models/author/ HTTP/1.1" 200 17019
2024-01-13 13:41:50,071 - INFO, Module: "basehttp", Message: "GET /admin/jsi18n/ HTTP/1.1" 200 16066
2024-01-13 13:41:52,539 - INFO, Module: "basehttp", Message: "GET /admin/Models/category/ HTTP/1.1" 200 15160
2024-01-13 13:41:52,592 - INFO, Module: "basehttp", Message: "GET /admin/jsi18n/ HTTP/1.1" 200 16066
2024-01-13 13:41:54,449 - INFO, Module: "basehttp", Message: "GET /admin/Models/author/ HTTP/1.1" 200 17019
2024-01-13 13:41:54,527 - INFO, Module: "basehttp", Message: "GET /admin/jsi18n/ HTTP/1.1" 200 16066
2024-01-13 13:41:56,398 - INFO, Module: "basehttp", Message: "GET /admin/Models/author/add/ HTTP/1.1" 200 16530
2024-01-13 13:41:56,488 - INFO, Module: "basehttp", Message: "GET /admin/jsi18n/ HTTP/1.1" 200 16066
2024-01-13 13:42:20,396 - INFO, Module: "autoreload", Message: C:\Project_News_Portal\News_Portal\Models\models.py changed, reloading.
2024-01-13 13:42:25,264 - INFO, Module: "autoreload", Message: Watching for file changes with StatReloader
2024-01-13 13:42:36,079 - INFO, Module: "autoreload", Message: C:\Project_News_Portal\News_Portal\Models\models.py changed, reloading.
2024-01-13 13:42:40,855 - INFO, Module: "autoreload", Message: Watching for file changes with StatReloader
2024-01-13 13:42:47,943 - INFO, Module: "autoreload", Message: C:\Project_News_Portal\News_Portal\Models\models.py changed, reloading.
2024-01-13 13:42:52,773 - INFO, Module: "autoreload", Message: Watching for file changes with StatReloader
2024-01-13 13:42:54,448 - INFO, Module: "basehttp", Message: "GET /admin/Models/author/add/ HTTP/1.1" 200 16734
2024-01-13 13:42:54,589 - INFO, Module: "basehttp", Message: "GET /admin/jsi18n/ HTTP/1.1" 200 16066
2024-01-13 13:43:10,747 - INFO, Module: "basehttp", Message: "GET /admin/Models/author/ HTTP/1.1" 200 17019
2024-01-13 13:43:10,902 - INFO, Module: "basehttp", Message: "GET /admin/jsi18n/ HTTP/1.1" 200 16066
2024-01-13 13:43:15,358 - INFO, Module: "basehttp", Message: "GET /admin/Models/author/add/ HTTP/1.1" 200 16734
2024-01-13 13:43:15,436 - INFO, Module: "basehttp", Message: "GET /admin/jsi18n/ HTTP/1.1" 200 16066
2024-01-13 13:43:46,724 - INFO, Module: "autoreload", Message: C:\Project_News_Portal\News_Portal\Models\models.py changed, reloading.
2024-01-13 13:43:50,076 - INFO, Module: "autoreload", Message: Watching for file changes with StatReloader
2024-01-13 13:43:57,326 - INFO, Module: "basehttp", Message: "GET /admin/Models/author/add/ HTTP/1.1" 200 16706
2024-01-13 13:43:57,407 - INFO, Module: "basehttp", Message: "GET /admin/jsi18n/ HTTP/1.1" 200 16066
2024-01-13 13:44:01,200 - INFO, Module: "basehttp", Message: "GET /admin/Models/author/add/ HTTP/1.1" 200 16706
2024-01-13 13:44:01,267 - INFO, Module: "basehttp", Message: "GET /admin/jsi18n/ HTTP/1.1" 200 16066
2024-01-13 13:44:09,576 - INFO, Module: "basehttp", Message: "GET /admin/Models/author/add/ HTTP/1.1" 200 16706
2024-01-13 13:44:09,641 - INFO, Module: "basehttp", Message: "GET /admin/jsi18n/ HTTP/1.1" 200 16066
2024-01-13 13:44:17,498 - INFO, Module: "autoreload", Message: C:\Project_News_Portal\News_Portal\Models\models.py changed, reloading.
2024-01-13 13:44:22,838 - INFO, Module: "autoreload", Message: Watching for file changes with StatReloader
2024-01-13 13:44:24,131 - INFO, Module: "basehttp", Message: "GET /admin/Models/author/add/ HTTP/1.1" 200 16710
2024-01-13 13:44:24,201 - INFO, Module: "basehttp", Message: "GET /admin/jsi18n/ HTTP/1.1" 200 16066
2024-01-13 13:44:31,745 - INFO, Module: "basehttp", Message: "GET /admin/Models/category/ HTTP/1.1" 200 15160
2024-01-13 13:44:31,811 - INFO, Module: "basehttp", Message: "GET /admin/jsi18n/ HTTP/1.1" 200 16066
2024-01-13 13:44:34,002 - INFO, Module: "basehttp", Message: "GET /admin/Models/category/add/ HTTP/1.1" 200 16337
2024-01-13 13:44:34,079 - INFO, Module: "basehttp", Message: "GET /admin/jsi18n/ HTTP/1.1" 200 16066
2024-01-13 13:44:43,072 - INFO, Module: "basehttp", Message: "GET /admin/Models/comment/ HTTP/1.1" 200 15188
2024-01-13 13:44:43,128 - INFO, Module: "basehttp", Message: "GET /admin/jsi18n/ HTTP/1.1" 200 16066
2024-01-13 13:44:46,592 - INFO, Module: "basehttp", Message: "GET /admin/Models/comment/add/ HTTP/1.1" 200 20931
2024-01-13 13:44:46,663 - INFO, Module: "basehttp", Message: "GET /admin/jsi18n/ HTTP/1.1" 200 16066
2024-01-13 13:44:54,348 - INFO, Module: "basehttp", Message: "GET /admin/Models/post/ HTTP/1.1" 200 26684
2024-01-13 13:44:54,422 - INFO, Module: "basehttp", Message: "GET /admin/jsi18n/ HTTP/1.1" 200 16066
2024-01-13 13:44:56,333 - INFO, Module: "basehttp", Message: "GET /admin/Models/post/add/ HTTP/1.1" 200 18306
2024-01-13 13:44:56,404 - INFO, Module: "basehttp", Message: "GET /admin/jsi18n/ HTTP/1.1" 200 16066
2024-01-13 13:45:31,816 - INFO, Module: "autoreload", Message: C:\Project_News_Portal\News_Portal\Models\models.py changed, reloading.
2024-01-13 13:45:37,887 - INFO, Module: "autoreload", Message: Watching for file changes with StatReloader
2024-01-13 13:45:44,291 - INFO, Module: "autoreload", Message: C:\Project_News_Portal\News_Portal\Models\models.py changed, reloading.
2024-01-13 13:45:56,593 - INFO, Module: "autoreload", Message: Watching for file changes with StatReloader
2024-01-13 13:46:02,341 - INFO, Module: "basehttp", Message: "GET /admin/Models/post/add/ HTTP/1.1" 200 18495
2024-01-13 13:46:04,204 - INFO, Module: "basehttp", Message: "GET /admin/jsi18n/ HTTP/1.1" 200 16066
2024-01-13 13:46:26,620 - INFO, Module: "autoreload", Message: C:\Project_News_Portal\News_Portal\Models\models.py changed, reloading.
2024-01-13 13:46:31,401 - INFO, Module: "autoreload", Message: Watching for file changes with StatReloader
2024-01-13 13:46:33,746 - INFO, Module: "basehttp", Message: "GET /admin/Models/post/add/ HTTP/1.1" 200 18677
2024-01-13 13:46:33,838 - INFO, Module: "basehttp", Message: "GET /admin/jsi18n/ HTTP/1.1" 200 16066
2024-01-13 13:46:45,161 - INFO, Module: "basehttp", Message: "GET /admin/auth/group/ HTTP/1.1" 200 15099
2024-01-13 13:46:45,241 - INFO, Module: "basehttp", Message: "GET /admin/jsi18n/ HTTP/1.1" 200 16066
2024-01-13 13:46:45,767 - INFO, Module: "basehttp", Message: "GET /static/admin/img/search.svg HTTP/1.1" 200 458
2024-01-13 13:46:57,812 - INFO, Module: "basehttp", Message: "GET /admin/auth/group/add/ HTTP/1.1" 200 22490
2024-01-13 13:46:57,904 - INFO, Module: "basehttp", Message: "GET /static/admin/js/SelectFilter2.js HTTP/1.1" 200 15292
2024-01-13 13:46:57,908 - INFO, Module: "basehttp", Message: "GET /static/admin/js/SelectBox.js HTTP/1.1" 200 4530
2024-01-13 13:46:57,963 - INFO, Module: "basehttp", Message: "GET /admin/jsi18n/ HTTP/1.1" 200 16066
2024-01-13 13:46:58,131 - INFO, Module: "basehttp", Message: "GET /static/admin/img/icon-unknown.svg HTTP/1.1" 200 655
2024-01-13 13:46:58,160 - INFO, Module: "basehttp", Message: "GET /static/admin/img/icon-unknown-alt.svg HTTP/1.1" 200 655
2024-01-13 13:46:58,176 - INFO, Module: "basehttp", Message: "GET /static/admin/img/selector-icons.svg HTTP/1.1" 200 3291
2024-01-13 14:41:11,276 - INFO, Module: "autoreload", Message: Watching for file changes with StatReloader
2024-01-13 14:41:21,307 - INFO, Module: "basehttp", Message: "GET / HTTP/1.1" 200 931
2024-01-13 14:41:26,453 - INFO, Module: "basehttp", Message: "GET /news HTTP/1.1" 301 0
2024-01-13 14:41:26,642 - INFO, Module: "basehttp", Message: "GET /news/ HTTP/1.1" 200 8804
2024-01-13 14:44:54,223 - INFO, Module: "autoreload", Message: Watching for file changes with StatReloader
2024-01-13 14:45:01,687 - ERROR, Module: "basehttp", Message: "GET /news/ HTTP/1.1" 500 171933
2024-01-13 14:45:51,150 - INFO, Module: "autoreload", Message: C:\Project_News_Portal\News_Portal\templates\flatpages\urls.py changed, reloading.
2024-01-13 14:45:55,883 - INFO, Module: "autoreload", Message: Watching for file changes with StatReloader
2024-01-13 14:46:02,220 - ERROR, Module: "basehttp", Message: "GET /news/ HTTP/1.1" 500 171933
2024-01-13 14:46:07,116 - ERROR, Module: "basehttp", Message: "GET /news/ HTTP/1.1" 500 171933
2024-01-13 14:47:13,483 - INFO, Module: "autoreload", Message: C:\Project_News_Portal\News_Portal\templates\flatpages\urls.py changed, reloading.
2024-01-13 14:47:19,906 - INFO, Module: "autoreload", Message: Watching for file changes with StatReloader
2024-01-13 14:48:33,432 - INFO, Module: "autoreload", Message: C:\Project_News_Portal\News_Portal\News_Portal\urls.py changed, reloading.
2024-01-13 14:48:38,424 - INFO, Module: "autoreload", Message: Watching for file changes with StatReloader
2024-01-13 14:48:41,780 - INFO, Module: "basehttp", Message: "GET /news/ HTTP/1.1" 200 9796
2024-01-13 14:48:49,089 - INFO, Module: "basehttp", Message: "POST /i18n/setlang/ HTTP/1.1" 302 0
2024-01-13 14:48:49,241 - INFO, Module: "basehttp", Message: "GET /news/ HTTP/1.1" 200 9723
2024-01-13 14:49:51,195 - INFO, Module: "basehttp", Message: "GET /news/ HTTP/1.1" 200 9716
2024-01-13 14:50:09,404 - INFO, Module: "basehttp", Message: "GET /news/ HTTP/1.1" 200 9716
2024-01-13 14:50:27,408 - INFO, Module: "basehttp", Message: "GET /news/ HTTP/1.1" 200 9716
2024-01-13 14:50:46,821 - INFO, Module: "basehttp", Message: "GET /news/ HTTP/1.1" 200 9716
2024-01-13 14:51:02,300 - INFO, Module: "basehttp", Message: "GET /news/ HTTP/1.1" 200 8668
2024-01-13 14:51:41,738 - INFO, Module: "basehttp", Message: "GET /news/ HTTP/1.1" 200 8668
2024-01-13 14:52:09,369 - INFO, Module: "basehttp", Message: "GET /news/ HTTP/1.1" 200 8665
2024-01-13 14:59:51,901 - INFO, Module: "basehttp", Message: "GET /news/ HTTP/1.1" 200 8669
2024-01-13 15:00:48,754 - INFO, Module: "autoreload", Message: C:\Project_News_Portal\News_Portal\News_Portal\urls.py changed, reloading.
2024-01-13 15:00:52,934 - INFO, Module: "autoreload", Message: Watching for file changes with StatReloader
2024-01-13 15:00:57,880 - INFO, Module: "autoreload", Message: C:\Project_News_Portal\News_Portal\News_Portal\urls.py changed, reloading.
2024-01-13 15:01:01,673 - INFO, Module: "autoreload", Message: Watching for file changes with StatReloader
2024-01-13 15:04:38,076 - INFO, Module: "autoreload", Message: Watching for file changes with StatReloader
2024-01-13 15:04:40,078 - ERROR, Module: "basehttp", Message: "GET /news/ HTTP/1.1" 500 198703
2024-01-13 15:05:30,946 - INFO, Module: "basehttp", Message: "GET /news/ HTTP/1.1" 200 8671
2024-01-13 15:07:04,510 - INFO, Module: "basehttp", Message: "GET /news/ HTTP/1.1" 200 9650
2024-01-13 15:07:11,906 - INFO, Module: "basehttp", Message: "POST /i18n/setlang/ HTTP/1.1" 302 0
2024-01-13 15:07:11,996 - INFO, Module: "basehttp", Message: "GET /news/ HTTP/1.1" 200 9650
2024-01-13 15:07:17,275 - INFO, Module: "basehttp", Message: "POST /i18n/setlang/ HTTP/1.1" 302 0
2024-01-13 15:07:17,378 - INFO, Module: "basehttp", Message: "GET /news/ HTTP/1.1" 200 9650
2024-01-13 15:07:19,924 - INFO, Module: "basehttp", Message: "POST /i18n/setlang/ HTTP/1.1" 302 0
2024-01-13 15:07:20,020 - INFO, Module: "basehttp", Message: "GET /news/ HTTP/1.1" 200 9723
2024-01-13 15:07:25,334 - INFO, Module: "basehttp", Message: "POST /i18n/setlang/ HTTP/1.1" 302 0
2024-01-13 15:07:25,440 - INFO, Module: "basehttp", Message: "GET /news/ HTTP/1.1" 200 9723
2024-01-13 15:07:28,277 - INFO, Module: "basehttp", Message: "POST /i18n/setlang/ HTTP/1.1" 302 0
2024-01-13 15:07:28,373 - INFO, Module: "basehttp", Message: "GET /news/ HTTP/1.1" 200 9650
2024-01-13 15:08:45,717 - INFO, Module: "autoreload", Message: Watching for file changes with StatReloader
2024-01-13 15:08:49,204 - INFO, Module: "basehttp", Message: "GET /news/ HTTP/1.1" 200 9650
2024-01-13 15:08:51,686 - INFO, Module: "basehttp", Message: "POST /i18n/setlang/ HTTP/1.1" 302 0
2024-01-13 15:08:51,784 - INFO, Module: "basehttp", Message: "GET /news/ HTTP/1.1" 200 9723
2024-01-13 15:08:55,073 - INFO, Module: "basehttp", Message: "POST /i18n/setlang/ HTTP/1.1" 302 0
2024-01-13 15:08:55,160 - INFO, Module: "basehttp", Message: "GET /news/ HTTP/1.1" 200 9650
2024-01-13 15:10:00,988 - INFO, Module: "basehttp", Message: "GET /news/ HTTP/1.1" 200 9657
2024-01-13 15:10:03,950 - INFO, Module: "basehttp", Message: "POST /i18n/setlang/ HTTP/1.1" 302 0
2024-01-13 15:10:04,040 - INFO, Module: "basehttp", Message: "GET /news/ HTTP/1.1" 200 9657
2024-01-13 15:11:42,514 - INFO, Module: "autoreload", Message: Watching for file changes with StatReloader
2024-01-13 15:11:47,233 - INFO, Module: "basehttp", Message: "GET /news/ HTTP/1.1" 200 9637
2024-01-13 15:11:51,399 - INFO, Module: "basehttp", Message: "POST /i18n/setlang/ HTTP/1.1" 302 0
2024-01-13 15:11:51,485 - INFO, Module: "basehttp", Message: "GET /news/ HTTP/1.1" 200 9637
2024-01-13 15:12:01,639 - INFO, Module: "basehttp", Message: "GET /news/create HTTP/1.1" 301 0
2024-01-13 15:12:01,747 - INFO, Module: "basehttp", Message: "GET /news/create/ HTTP/1.1" 200 3280
2024-01-13 15:12:06,683 - INFO, Module: "basehttp", Message: "GET /news HTTP/1.1" 301 0
2024-01-13 15:12:06,771 - INFO, Module: "basehttp", Message: "GET /news/ HTTP/1.1" 200 9637
2024-01-13 15:12:12,458 - INFO, Module: "basehttp", Message: "POST /i18n/setlang/ HTTP/1.1" 302 0
2024-01-13 15:12:12,544 - INFO, Module: "basehttp", Message: "GET /news/ HTTP/1.1" 200 9637
2024-01-13 15:13:02,744 - INFO, Module: "basehttp", Message: "POST /i18n/setlang/ HTTP/1.1" 302 0
2024-01-13 15:13:02,868 - INFO, Module: "basehttp", Message: "GET /news/ HTTP/1.1" 200 9730
2024-01-13 15:13:06,347 - INFO, Module: "basehttp", Message: "POST /i18n/setlang/ HTTP/1.1" 302 0
2024-01-13 15:13:06,445 - INFO, Module: "basehttp", Message: "GET /news/ HTTP/1.1" 200 9637
2024-01-13 15:13:13,363 - INFO, Module: "basehttp", Message: "POST /i18n/setlang/ HTTP/1.1" 302 0
2024-01-13 15:13:13,456 - INFO, Module: "basehttp", Message: "GET /news/ HTTP/1.1" 200 9730
2024-01-13 15:13:18,462 - INFO, Module: "basehttp", Message: "POST /i18n/setlang/ HTTP/1.1" 302 0
2024-01-13 15:13:18,553 - INFO, Module: "basehttp", Message: "GET /news/ HTTP/1.1" 200 9637
2024-01-13 15:13:20,443 - INFO, Module: "basehttp", Message: "POST /i18n/setlang/ HTTP/1.1" 302 0
2024-01-13 15:13:20,539 - INFO, Module: "basehttp", Message: "GET /news/ HTTP/1.1" 200 9730
2024-01-13 15:14:24,022 - INFO, Module: "basehttp", Message: "GET /news/ HTTP/1.1" 200 9721
2024-01-13 15:14:28,301 - INFO, Module: "basehttp", Message: "POST /i18n/setlang/ HTTP/1.1" 302 0
2024-01-13 15:14:28,417 - INFO, Module: "basehttp", Message: "GET /news/ HTTP/1.1" 200 9628
2024-01-13 15:15:38,230 - INFO, Module: "autoreload", Message: Watching for file changes with StatReloader
2024-01-13 15:15:40,944 - INFO, Module: "basehttp", Message: "GET /news/ HTTP/1.1" 200 9599
2024-01-13 15:15:42,835 - INFO, Module: "basehttp", Message: "POST /i18n/setlang/ HTTP/1.1" 302 0
2024-01-13 15:15:42,944 - INFO, Module: "basehttp", Message: "GET /news/ HTTP/1.1" 200 9721
2024-01-13 15:15:47,448 - INFO, Module: "basehttp", Message: "POST /i18n/setlang/ HTTP/1.1" 302 0
2024-01-13 15:15:47,539 - INFO, Module: "basehttp", Message: "GET /news/ HTTP/1.1" 200 9599
2024-01-13 15:15:55,058 - INFO, Module: "basehttp", Message: "POST /i18n/setlang/ HTTP/1.1" 302 0
2024-01-13 15:15:55,159 - INFO, Module: "basehttp", Message: "GET /news/ HTTP/1.1" 200 9721
2024-01-13 15:15:59,664 - INFO, Module: "basehttp", Message: "POST /i18n/setlang/ HTTP/1.1" 302 0
2024-01-13 15:15:59,760 - INFO, Module: "basehttp", Message: "GET /news/ HTTP/1.1" 200 9599
2024-01-13 15:17:12,730 - INFO, Module: "basehttp", Message: "GET /news/ HTTP/1.1" 200 9599
2024-01-13 15:17:56,675 - INFO, Module: "basehttp", Message: "POST /i18n/setlang/ HTTP/1.1" 302 0
2024-01-13 15:17:56,757 - INFO, Module: "basehttp", Message: "GET /news/ HTTP/1.1" 200 9721
2024-01-13 15:18:04,916 - INFO, Module: "basehttp", Message: "GET /news/search/ HTTP/1.1" 200 13295
2024-01-13 15:18:09,426 - INFO, Module: "basehttp", Message: "POST /i18n/setlang/ HTTP/1.1" 302 0
2024-01-13 15:18:09,575 - INFO, Module: "basehttp", Message: "GET /news/search/ HTTP/1.1" 200 13065
2024-01-13 15:19:40,729 - INFO, Module: "basehttp", Message: "GET /news/search/ HTTP/1.1" 200 13065
2024-01-13 15:19:58,662 - INFO, Module: "basehttp", Message: "GET /news/ HTTP/1.1" 200 9599
2024-01-13 15:20:06,383 - INFO, Module: "basehttp", Message: "POST /i18n/setlang/ HTTP/1.1" 302 0
2024-01-13 15:20:06,497 - INFO, Module: "basehttp", Message: "GET /news/ HTTP/1.1" 200 9721
2024-01-13 15:20:10,371 - INFO, Module: "basehttp", Message: "GET /news/search/ HTTP/1.1" 200 13295
2024-01-13 15:20:14,757 - INFO, Module: "basehttp", Message: "POST /i18n/setlang/ HTTP/1.1" 302 0
2024-01-13 15:20:14,956 - INFO, Module: "basehttp", Message: "GET /news/search/ HTTP/1.1" 200 13065
2024-01-13 15:20:22,926 - INFO, Module: "basehttp", Message: "GET /news/ HTTP/1.1" 200 9599
2024-01-13 15:20:27,623 - INFO, Module: "basehttp", Message: "GET /news/ HTTP/1.1" 200 9599
2024-01-13 15:20:30,731 - INFO, Module: "basehttp", Message: "GET / HTTP/1.1" 200 931
2024-01-13 15:20:40,262 - INFO, Module: "basehttp", Message: "GET /news/ HTTP/1.1" 200 9599
2024-01-13 16:35:05,766 - INFO, Module: "autoreload", Message: Watching for file changes with StatReloader
2024-01-13 16:35:07,696 - INFO, Module: "basehttp", Message: "GET /news/ HTTP/1.1" 200 9602
2024-01-13 16:35:13,142 - INFO, Module: "basehttp", Message: "POST /i18n/setlang/ HTTP/1.1" 302 0
2024-01-13 16:35:13,286 - INFO, Module: "basehttp", Message: "GET /news/ HTTP/1.1" 200 9721
2024-01-13 16:35:17,417 - INFO, Module: "basehttp", Message: "POST /i18n/setlang/ HTTP/1.1" 302 0
2024-01-13 16:35:17,509 - INFO, Module: "basehttp", Message: "GET /news/ HTTP/1.1" 200 9602
2024-01-13 16:35:23,327 - INFO, Module: "basehttp", Message: "POST /i18n/setlang/ HTTP/1.1" 302 0
2024-01-13 16:35:23,431 - INFO, Module: "basehttp", Message: "GET /news/ HTTP/1.1" 200 9721
2024-01-13 16:35:30,644 - INFO, Module: "basehttp", Message: "GET /news/ HTTP/1.1" 200 9721
2024-01-13 16:35:54,555 - INFO, Module: "basehttp", Message: "POST /i18n/setlang/ HTTP/1.1" 302 0
2024-01-13 16:35:54,667 - INFO, Module: "basehttp", Message: "GET /news/ HTTP/1.1" 200 9602
2024-01-13 16:36:51,818 - INFO, Module: "basehttp", Message: "GET /news/search/ HTTP/1.1" 200 13068
2024-01-13 16:39:57,731 - INFO, Module: "autoreload", Message: Watching for file changes with StatReloader
2024-01-13 16:40:03,453 - INFO, Module: "basehttp", Message: "GET /news/search/ HTTP/1.1" 200 13068
2024-01-13 16:40:09,154 - INFO, Module: "basehttp", Message: "GET /news/search/ HTTP/1.1" 200 13068
2024-01-13 16:40:11,877 - INFO, Module: "basehttp", Message: "POST /i18n/setlang/ HTTP/1.1" 302 0
2024-01-13 16:40:12,048 - INFO, Module: "basehttp", Message: "GET /news/search/ HTTP/1.1" 200 13068
2024-01-13 16:40:21,703 - INFO, Module: "basehttp", Message: "GET /news/ HTTP/1.1" 200 9602
2024-01-13 16:40:36,284 - ERROR, Module: "basehttp", Message: "GET /news/categories/4 HTTP/1.1" 500 155601
2024-01-13 16:41:07,259 - INFO, Module: "basehttp", Message: "GET /news/categories/4 HTTP/1.1" 200 8818
2024-01-13 16:41:12,072 - INFO, Module: "basehttp", Message: "POST /i18n/setlang/ HTTP/1.1" 302 0
2024-01-13 16:41:12,201 - INFO, Module: "basehttp", Message: "GET /news/categories/4 HTTP/1.1" 200 9083
2024-01-13 16:41:17,471 - INFO, Module: "basehttp", Message: "POST /i18n/setlang/ HTTP/1.1" 302 0
2024-01-13 16:41:17,634 - INFO, Module: "basehttp", Message: "GET /news/categories/4 HTTP/1.1" 200 8818
2024-01-13 16:41:26,218 - INFO, Module: "basehttp", Message: "POST /i18n/setlang/ HTTP/1.1" 302 0
2024-01-13 16:41:26,336 - INFO, Module: "basehttp", Message: "GET /news/categories/4 HTTP/1.1" 200 9083
2024-01-13 16:41:32,611 - INFO, Module: "basehttp", Message: "POST /i18n/setlang/ HTTP/1.1" 302 0
2024-01-13 16:41:32,708 - INFO, Module: "basehttp", Message: "GET /news/categories/4 HTTP/1.1" 200 8818
2024-01-13 16:42:24,009 - INFO, Module: "basehttp", Message: "POST /i18n/setlang/ HTTP/1.1" 302 0
2024-01-13 16:42:24,129 - INFO, Module: "basehttp", Message: "GET /news/categories/4 HTTP/1.1" 200 9083
2024-01-13 16:42:29,075 - INFO, Module: "basehttp", Message: "POST /i18n/setlang/ HTTP/1.1" 302 0
2024-01-13 16:42:29,181 - INFO, Module: "basehttp", Message: "GET /news/categories/4 HTTP/1.1" 200 8818
2024-01-13 16:43:16,247 - INFO, Module: "autoreload", Message: Watching for file changes with StatReloader
2024-01-13 16:43:18,786 - INFO, Module: "basehttp", Message: "POST /i18n/setlang/ HTTP/1.1" 302 0
2024-01-13 16:43:18,973 - INFO, Module: "basehttp", Message: "GET /news/categories/4 HTTP/1.1" 200 9083
2024-01-13 16:43:20,692 - INFO, Module: "basehttp", Message: "GET /news HTTP/1.1" 301 0
2024-01-13 16:43:20,808 - INFO, Module: "basehttp", Message: "GET /news/ HTTP/1.1" 200 9721
2024-01-13 16:44:16,769 - INFO, Module: "basehttp", Message: "POST /i18n/setlang/ HTTP/1.1" 302 0
2024-01-13 16:44:16,913 - INFO, Module: "basehttp", Message: "GET /news/ HTTP/1.1" 200 9602
2024-01-13 16:50:30,125 - WARNING, Module: "basehttp", Message: "GET /post/ HTTP/1.1" 404 2668
2024-01-13 16:50:41,811 - WARNING, Module: "basehttp", Message: "GET /i18n/ HTTP/1.1" 404 2744
2024-01-13 16:50:55,105 - WARNING, Module: "basehttp", Message: "GET /i18n%20en HTTP/1.1" 404 2676
2024-01-13 16:51:04,292 - INFO, Module: "basehttp", Message: "GET / HTTP/1.1" 200 934
2024-01-13 16:52:46,183 - INFO, Module: "basehttp", Message: "GET / HTTP/1.1" 200 1467
2024-01-13 16:52:48,584 - INFO, Module: "basehttp", Message: "POST /i18n/setlang/ HTTP/1.1" 302 0
2024-01-13 16:52:48,622 - INFO, Module: "basehttp", Message: "GET / HTTP/1.1" 200 1467
2024-01-13 16:52:51,731 - INFO, Module: "basehttp", Message: "POST /i18n/setlang/ HTTP/1.1" 302 0
2024-01-13 16:52:51,753 - INFO, Module: "basehttp", Message: "GET / HTTP/1.1" 200 1467
2024-01-13 16:53:31,361 - INFO, Module: "basehttp", Message: "GET / HTTP/1.1" 200 1467
2024-01-13 16:53:51,050 - INFO, Module: "basehttp", Message: "GET / HTTP/1.1" 200 1467
2024-01-13 16:54:30,923 - INFO, Module: "basehttp", Message: "GET / HTTP/1.1" 200 1467
2024-01-13 17:04:34,046 - INFO, Module: "autoreload", Message: Watching for file changes with StatReloader
2024-01-13 17:04:38,312 - INFO, Module: "basehttp", Message: "GET / HTTP/1.1" 200 1261
2024-01-13 17:05:40,834 - INFO, Module: "basehttp", Message: "GET / HTTP/1.1" 200 1270
2024-01-13 17:05:59,877 - INFO, Module: "basehttp", Message: "GET / HTTP/1.1" 200 1261
2024-01-13 17:06:02,717 - INFO, Module: "basehttp", Message: "POST /i18n/setlang/ HTTP/1.1" 302 0
2024-01-13 17:06:02,746 - INFO, Module: "basehttp", Message: "GET / HTTP/1.1" 200 1478
2024-01-13 17:06:13,311 - INFO, Module: "basehttp", Message: "POST /i18n/setlang/ HTTP/1.1" 302 0
2024-01-13 17:06:13,339 - INFO, Module: "basehttp", Message: "GET / HTTP/1.1" 200 1261
2024-01-13 17:06:16,772 - INFO, Module: "basehttp", Message: "GET / HTTP/1.1" 200 1261
2024-01-13 17:06:33,851 - INFO, Module: "basehttp", Message: "GET /news HTTP/1.1" 301 0
2024-01-13 17:06:33,997 - INFO, Module: "basehttp", Message: "GET /news/ HTTP/1.1" 200 9607
2024-01-13 17:06:41,167 - INFO, Module: "basehttp", Message: "POST /i18n/setlang/ HTTP/1.1" 302 0
2024-01-13 17:06:41,274 - INFO, Module: "basehttp", Message: "GET /news/ HTTP/1.1" 200 9726
2024-01-13 17:06:53,691 - INFO, Module: "basehttp", Message: "POST /i18n/setlang/ HTTP/1.1" 302 0
2024-01-13 17:06:53,713 - INFO, Module: "basehttp", Message: "GET / HTTP/1.1" 200 1478
2024-01-13 17:06:57,286 - INFO, Module: "basehttp", Message: "POST /i18n/setlang/ HTTP/1.1" 302 0
2024-01-13 17:06:57,310 - INFO, Module: "basehttp", Message: "GET / HTTP/1.1" 200 1478
2024-01-13 17:07:00,884 - INFO, Module: "basehttp", Message: "POST /i18n/setlang/ HTTP/1.1" 302 0
2024-01-13 17:07:00,900 - INFO, Module: "basehttp", Message: "GET / HTTP/1.1" 200 1261
2024-01-13 17:08:52,417 - INFO, Module: "basehttp", Message: "GET / HTTP/1.1" 200 1225
2024-01-13 17:08:55,290 - INFO, Module: "basehttp", Message: "POST /i18n/setlang/ HTTP/1.1" 302 0
2024-01-13 17:08:55,311 - INFO, Module: "basehttp", Message: "GET / HTTP/1.1" 200 1482
2024-01-13 17:09:00,713 - INFO, Module: "basehttp", Message: "POST /i18n/setlang/ HTTP/1.1" 302 0
2024-01-13 17:09:00,736 - INFO, Module: "basehttp", Message: "GET / HTTP/1.1" 200 1225
2024-01-13 17:09:07,069 - INFO, Module: "basehttp", Message: "GET /news/ HTTP/1.1" 200 9607
2024-01-13 17:09:58,498 - INFO, Module: "basehttp", Message: "GET /news/search/ HTTP/1.1" 200 13073
2024-01-13 17:10:00,621 - INFO, Module: "basehttp", Message: "GET /news/160 HTTP/1.1" 200 2694
2024-01-13 17:10:11,020 - INFO, Module: "basehttp", Message: "POST /i18n/setlang/ HTTP/1.1" 302 0
2024-01-13 17:10:11,061 - INFO, Module: "basehttp", Message: "GET /news/160 HTTP/1.1" 200 2694
2024-01-13 17:10:13,945 - INFO, Module: "basehttp", Message: "POST /i18n/setlang/ HTTP/1.1" 302 0
2024-01-13 17:10:13,976 - INFO, Module: "basehttp", Message: "GET /news/160 HTTP/1.1" 200 2746
2024-01-13 17:10:19,549 - INFO, Module: "basehttp", Message: "POST /i18n/setlang/ HTTP/1.1" 302 0
2024-01-13 17:10:19,620 - INFO, Module: "basehttp", Message: "GET /news/160 HTTP/1.1" 200 2694
2024-01-13 17:13:42,907 - INFO, Module: "basehttp", Message: "GET /news/160 HTTP/1.1" 200 2659
2024-01-13 17:13:47,483 - INFO, Module: "basehttp", Message: "POST /i18n/setlang/ HTTP/1.1" 302 0
2024-01-13 17:13:47,522 - INFO, Module: "basehttp", Message: "GET /news/160 HTTP/1.1" 200 2751
2024-01-13 17:18:52,564 - INFO, Module: "basehttp", Message: "POST /i18n/setlang/ HTTP/1.1" 302 0
2024-01-13 17:18:52,629 - INFO, Module: "basehttp", Message: "GET /news/160 HTTP/1.1" 200 2659
2024-01-13 17:21:11,756 - INFO, Module: "basehttp", Message: "GET /news/160 HTTP/1.1" 200 2652
2024-01-13 17:22:03,196 - INFO, Module: "basehttp", Message: "GET /news/160 HTTP/1.1" 200 2654
2024-01-13 17:22:07,061 - INFO, Module: "basehttp", Message: "POST /i18n/setlang/ HTTP/1.1" 302 0
2024-01-13 17:22:07,092 - INFO, Module: "basehttp", Message: "GET /news/160 HTTP/1.1" 200 2762
2024-01-13 17:22:10,751 - INFO, Module: "basehttp", Message: "POST /i18n/setlang/ HTTP/1.1" 302 0
2024-01-13 17:22:10,775 - INFO, Module: "basehttp", Message: "GET /news/160 HTTP/1.1" 200 2654
2024-01-13 17:22:13,968 - INFO, Module: "basehttp", Message: "POST /i18n/setlang/ HTTP/1.1" 302 0
2024-01-13 17:22:14,007 - INFO, Module: "basehttp", Message: "GET /news/160 HTTP/1.1" 200 2762
2024-01-13 17:24:38,733 - INFO, Module: "autoreload", Message: Watching for file changes with StatReloader
2024-01-13 17:24:44,111 - INFO, Module: "basehttp", Message: "GET /news/160 HTTP/1.1" 200 2762
2024-01-13 17:24:48,580 - INFO, Module: "basehttp", Message: "POST /i18n/setlang/ HTTP/1.1" 302 0
2024-01-13 17:24:48,682 - INFO, Module: "basehttp", Message: "GET /news/160 HTTP/1.1" 200 2617
2024-01-13 17:24:59,055 - INFO, Module: "basehttp", Message: "GET /news/160 HTTP/1.1" 200 2617
2024-01-13 17:25:03,376 - INFO, Module: "basehttp", Message: "POST /i18n/setlang/ HTTP/1.1" 302 0
2024-01-13 17:25:03,400 - INFO, Module: "basehttp", Message: "GET /news/160 HTTP/1.1" 200 2762
2024-01-13 17:25:07,732 - INFO, Module: "basehttp", Message: "POST /i18n/setlang/ HTTP/1.1" 302 0
2024-01-13 17:25:07,761 - INFO, Module: "basehttp", Message: "GET /news/160 HTTP/1.1" 200 2617
2024-01-13 17:25:47,507 - INFO, Module: "basehttp", Message: "GET /news/160 HTTP/1.1" 200 2617
2024-01-13 17:25:52,101 - INFO, Module: "basehttp", Message: "POST /i18n/setlang/ HTTP/1.1" 302 0
2024-01-13 17:25:52,128 - INFO, Module: "basehttp", Message: "GET /news/160 HTTP/1.1" 200 2617
2024-01-13 17:26:11,633 - INFO, Module: "autoreload", Message: Watching for file changes with StatReloader
2024-01-13 17:26:12,865 - INFO, Module: "basehttp", Message: "GET /news/160 HTTP/1.1" 200 2610
2024-01-13 17:27:37,541 - INFO, Module: "autoreload", Message: Watching for file changes with StatReloader
2024-01-13 17:27:39,671 - INFO, Module: "basehttp", Message: "GET /news/160 HTTP/1.1" 200 2610
2024-01-13 17:27:42,287 - INFO, Module: "basehttp", Message: "POST /i18n/setlang/ HTTP/1.1" 302 0
2024-01-13 17:27:42,331 - INFO, Module: "basehttp", Message: "GET /news/160 HTTP/1.1" 200 2762
2024-01-13 17:27:47,630 - INFO, Module: "basehttp", Message: "POST /i18n/setlang/ HTTP/1.1" 302 0
2024-01-13 17:27:47,658 - INFO, Module: "basehttp", Message: "GET /news/160 HTTP/1.1" 200 2610
2024-01-13 17:29:05,763 - INFO, Module: "autoreload", Message: Watching for file changes with StatReloader
2024-01-13 17:31:03,485 - INFO, Module: "basehttp", Message: "GET /news/160 HTTP/1.1" 200 2612
2024-01-13 17:32:26,266 - INFO, Module: "autoreload", Message: Watching for file changes with StatReloader
2024-01-13 17:32:28,707 - INFO, Module: "basehttp", Message: "GET /news/160 HTTP/1.1" 200 2598
2024-01-13 17:32:33,327 - INFO, Module: "basehttp", Message: "POST /i18n/setlang/ HTTP/1.1" 302 0
2024-01-13 17:32:33,375 - INFO, Module: "basehttp", Message: "GET /news/160 HTTP/1.1" 200 2764
2024-01-13 17:32:41,378 - INFO, Module: "basehttp", Message: "POST /i18n/setlang/ HTTP/1.1" 302 0
2024-01-13 17:32:41,399 - INFO, Module: "basehttp", Message: "GET /news/160 HTTP/1.1" 200 2598
2024-01-13 17:32:48,541 - INFO, Module: "basehttp", Message: "GET /news/ HTTP/1.1" 200 9607
2024-01-13 17:32:56,788 - INFO, Module: "basehttp", Message: "GET /news/search/ HTTP/1.1" 200 13073
2024-01-13 17:33:01,576 - INFO, Module: "basehttp", Message: "POST /i18n/setlang/ HTTP/1.1" 302 0
2024-01-13 17:33:01,766 - INFO, Module: "basehttp", Message: "GET /news/search/ HTTP/1.1" 200 13073
2024-01-13 17:33:23,541 - INFO, Module: "basehttp", Message: "POST /i18n/setlang/ HTTP/1.1" 302 0
2024-01-13 17:33:23,726 - INFO, Module: "basehttp", Message: "GET /news/search/ HTTP/1.1" 200 13300
2024-01-13 17:33:25,642 - INFO, Module: "basehttp", Message: "GET /news HTTP/1.1" 301 0
2024-01-13 17:33:25,733 - INFO, Module: "basehttp", Message: "GET /news/ HTTP/1.1" 200 9726
2024-01-13 17:33:28,250 - INFO, Module: "basehttp", Message: "POST /i18n/setlang/ HTTP/1.1" 302 0
2024-01-13 17:33:28,343 - INFO, Module: "basehttp", Message: "GET /news/ HTTP/1.1" 200 9726
2024-01-13 17:33:30,616 - INFO, Module: "basehttp", Message: "POST /i18n/setlang/ HTTP/1.1" 302 0
2024-01-13 17:33:30,726 - INFO, Module: "basehttp", Message: "GET /news/ HTTP/1.1" 200 9607
2024-01-13 17:33:55,150 - INFO, Module: "basehttp", Message: "POST /i18n/setlang/ HTTP/1.1" 302 0
2024-01-13 17:33:55,274 - INFO, Module: "basehttp", Message: "GET /news/ HTTP/1.1" 200 9607
2024-01-13 17:34:01,414 - INFO, Module: "basehttp", Message: "GET / HTTP/1.1" 200 1219
2024-01-13 17:34:06,229 - INFO, Module: "basehttp", Message: "GET /news HTTP/1.1" 301 0
2024-01-13 17:34:06,348 - INFO, Module: "basehttp", Message: "GET /news/ HTTP/1.1" 200 9607
2024-01-13 17:34:22,633 - INFO, Module: "basehttp", Message: "GET /news/160 HTTP/1.1" 200 2598
2024-01-13 17:34:27,222 - INFO, Module: "basehttp", Message: "GET /news/ HTTP/1.1" 200 9607
2024-01-13 17:34:34,654 - INFO, Module: "basehttp", Message: "POST /i18n/setlang/ HTTP/1.1" 302 0
2024-01-13 17:34:34,753 - INFO, Module: "basehttp", Message: "GET /news/ HTTP/1.1" 200 9607
2024-01-13 17:34:40,105 - INFO, Module: "basehttp", Message: "GET /news/one_by_one/ HTTP/1.1" 200 3555
2024-01-13 17:34:57,429 - INFO, Module: "basehttp", Message: "POST /i18n/setlang/ HTTP/1.1" 302 0
2024-01-13 17:34:57,449 - INFO, Module: "basehttp", Message: "GET /news/one_by_one/ HTTP/1.1" 200 3555
2024-01-13 17:35:03,438 - INFO, Module: "basehttp", Message: "POST /i18n/setlang/ HTTP/1.1" 302 0
2024-01-13 17:35:03,497 - INFO, Module: "basehttp", Message: "GET /news/one_by_one/ HTTP/1.1" 200 3613
2024-01-13 17:35:08,547 - INFO, Module: "basehttp", Message: "POST /i18n/setlang/ HTTP/1.1" 302 0
2024-01-13 17:35:08,562 - INFO, Module: "basehttp", Message: "GET /news/one_by_one/ HTTP/1.1" 200 3555
2024-01-13 17:47:01,932 - INFO, Module: "autoreload", Message: Watching for file changes with StatReloader
2024-01-13 17:47:06,686 - INFO, Module: "basehttp", Message: "GET /news/one_by_one/ HTTP/1.1" 200 3413
2024-01-13 17:47:18,265 - INFO, Module: "basehttp", Message: "POST /i18n/setlang/ HTTP/1.1" 302 0
2024-01-13 17:47:18,347 - INFO, Module: "basehttp", Message: "GET /news/one_by_one/ HTTP/1.1" 200 3643
2024-01-13 17:47:25,837 - INFO, Module: "basehttp", Message: "POST /i18n/setlang/ HTTP/1.1" 302 0
2024-01-13 17:47:25,856 - INFO, Module: "basehttp", Message: "GET /news/one_by_one/ HTTP/1.1" 200 3413
2024-01-13 17:47:55,651 - INFO, Module: "basehttp", Message: "POST /i18n/setlang/ HTTP/1.1" 302 0
2024-01-13 17:47:55,684 - INFO, Module: "basehttp", Message: "GET /news/one_by_one/ HTTP/1.1" 200 3643
2024-01-13 17:47:58,270 - INFO, Module: "basehttp", Message: "GET /news/one_by_one/ HTTP/1.1" 200 3643
2024-01-13 17:49:44,475 - INFO, Module: "autoreload", Message: Watching for file changes with StatReloader
2024-01-13 17:49:50,118 - INFO, Module: "basehttp", Message: "POST /i18n/setlang/ HTTP/1.1" 302 0
2024-01-13 17:49:50,177 - INFO, Module: "basehttp", Message: "GET /news/one_by_one/ HTTP/1.1" 200 3413
2024-01-13 17:58:24,159 - INFO, Module: "autoreload", Message: Watching for file changes with StatReloader
2024-01-13 17:58:26,079 - INFO, Module: "basehttp", Message: "GET /news/one_by_one/ HTTP/1.1" 200 3302
2024-01-13 17:58:41,995 - INFO, Module: "basehttp", Message: "POST /i18n/setlang/ HTTP/1.1" 302 0
2024-01-13 17:58:42,071 - INFO, Module: "basehttp", Message: "GET /news/one_by_one/ HTTP/1.1" 200 3643
2024-01-13 17:58:48,453 - INFO, Module: "basehttp", Message: "POST /i18n/setlang/ HTTP/1.1" 302 0
2024-01-13 17:58:48,470 - INFO, Module: "basehttp", Message: "GET /news/one_by_one/ HTTP/1.1" 200 3302
2024-01-13 17:58:57,021 - INFO, Module: "basehttp", Message: "GET /news/ HTTP/1.1" 200 9339
2024-01-13 17:59:15,059 - INFO, Module: "basehttp", Message: "POST /i18n/setlang/ HTTP/1.1" 302 0
2024-01-13 17:59:15,153 - INFO, Module: "basehttp", Message: "GET /news/ HTTP/1.1" 200 9755
2024-01-13 17:59:19,266 - WARNING, Module: "basehttp", Message: "GET /news/news/one_by_one/ HTTP/1.1" 404 4947
2024-01-13 17:59:35,175 - WARNING, Module: "basehttp", Message: "GET /news/news/one_by_one/ HTTP/1.1" 404 4947
2024-01-13 17:59:38,109 - WARNING, Module: "basehttp", Message: "GET /news/news/create HTTP/1.1" 404 4932
2024-01-13 17:59:42,771 - INFO, Module: "basehttp", Message: "POST /i18n/setlang/ HTTP/1.1" 302 0
2024-01-13 17:59:42,890 - INFO, Module: "basehttp", Message: "GET /news/ HTTP/1.1" 200 9755
2024-01-13 17:59:45,213 - INFO, Module: "basehttp", Message: "POST /i18n/setlang/ HTTP/1.1" 302 0
2024-01-13 17:59:45,333 - INFO, Module: "basehttp", Message: "GET /news/ HTTP/1.1" 200 9755
2024-01-13 17:59:47,863 - INFO, Module: "basehttp", Message: "POST /i18n/setlang/ HTTP/1.1" 302 0
2024-01-13 17:59:47,951 - INFO, Module: "basehttp", Message: "GET /news/ HTTP/1.1" 200 9339
2024-01-13 17:59:50,902 - WARNING, Module: "basehttp", Message: "GET /news/news/search/ HTTP/1.1" 404 4935
2024-01-13 18:00:40,650 - INFO, Module: "basehttp", Message: "GET /news/ HTTP/1.1" 200 9349
2024-01-13 18:07:24,203 - WARNING, Module: "basehttp", Message: "GET /news/news/search/ HTTP/1.1" 404 4935
2024-01-13 18:07:27,331 - INFO, Module: "basehttp", Message: "POST /i18n/setlang/ HTTP/1.1" 302 0
2024-01-13 18:07:27,439 - INFO, Module: "basehttp", Message: "GET /news/ HTTP/1.1" 200 9765
2024-01-13 18:07:28,440 - WARNING, Module: "basehttp", Message: "GET /news/news/search/ HTTP/1.1" 404 4935
2024-01-13 18:07:56,645 - INFO, Module: "basehttp", Message: "GET /news/search/ HTTP/1.1" 200 13303
2024-01-13 18:08:04,404 - INFO, Module: "basehttp", Message: "GET /news HTTP/1.1" 301 0
2024-01-13 18:08:04,508 - INFO, Module: "basehttp", Message: "GET /news/ HTTP/1.1" 200 9765
2024-01-13 18:08:06,885 - WARNING, Module: "basehttp", Message: "GET /news/news/one_by_one/ HTTP/1.1" 404 4947
2024-01-13 18:08:50,030 - WARNING, Module: "basehttp", Message: "GET /news/news/search/ HTTP/1.1" 404 4935
2024-01-13 18:08:57,521 - INFO, Module: "basehttp", Message: "GET /news/ HTTP/1.1" 200 9757
2024-01-13 18:08:59,197 - WARNING, Module: "basehttp", Message: "GET /search/ HTTP/1.1" 404 2674
2024-01-13 18:09:14,109 - WARNING, Module: "basehttp", Message: "GET /search/ HTTP/1.1" 404 2674
2024-01-13 18:09:16,353 - WARNING, Module: "basehttp", Message: "GET /search/ HTTP/1.1" 404 2674
2024-01-13 18:09:19,022 - WARNING, Module: "basehttp", Message: "GET /search/ HTTP/1.1" 404 2674
2024-01-13 18:09:23,159 - WARNING, Module: "basehttp", Message: "GET /search/ HTTP/1.1" 404 2674
2024-01-13 18:09:26,531 - WARNING, Module: "basehttp", Message: "GET /search/ HTTP/1.1" 404 2674
2024-01-13 18:09:29,494 - WARNING, Module: "basehttp", Message: "GET /search/ HTTP/1.1" 404 2674
2024-01-13 18:09:41,131 - INFO, Module: "autoreload", Message: Watching for file changes with StatReloader
2024-01-13 18:09:46,247 - WARNING, Module: "basehttp", Message: "GET /search/ HTTP/1.1" 404 2674
2024-01-13 18:09:49,076 - WARNING, Module: "basehttp", Message: "GET /search/ HTTP/1.1" 404 2674
2024-01-13 18:09:55,802 - INFO, Module: "basehttp", Message: "GET / HTTP/1.1" 200 1482
2024-01-13 18:10:00,800 - INFO, Module: "basehttp", Message: "GET /news/ HTTP/1.1" 200 9765
2024-01-13 18:10:02,303 - WARNING, Module: "basehttp", Message: "GET /news/news/search/ HTTP/1.1" 404 4935
2024-01-13 18:10:20,032 - INFO, Module: "basehttp", Message: "GET /news/search/ HTTP/1.1" 200 13303
2024-01-13 18:10:21,822 - INFO, Module: "basehttp", Message: "GET /news/ HTTP/1.1" 200 9765
2024-01-13 18:10:23,771 - WARNING, Module: "basehttp", Message: "GET /news/news/search/ HTTP/1.1" 404 4935
2024-01-13 18:10:35,699 - WARNING, Module: "basehttp", Message: "GET /news/news/search/ HTTP/1.1" 404 4935
2024-01-13 18:10:37,050 - WARNING, Module: "basehttp", Message: "GET /news/news/search/ HTTP/1.1" 404 4935
2024-01-13 18:10:39,802 - INFO, Module: "basehttp", Message: "GET /news/ HTTP/1.1" 200 9760
2024-01-13 18:10:42,406 - INFO, Module: "basehttp", Message: "GET /news/search/ HTTP/1.1" 200 13303
2024-01-13 18:10:47,423 - INFO, Module: "basehttp", Message: "GET /news/ HTTP/1.1" 200 9760
2024-01-13 18:10:48,579 - INFO, Module: "basehttp", Message: "GET /news/search/ HTTP/1.1" 200 13303
2024-01-13 18:10:49,713 - INFO, Module: "basehttp", Message: "GET /news/ HTTP/1.1" 200 9760
2024-01-13 18:10:52,232 - WARNING, Module: "basehttp", Message: "GET /news/news/one_by_one/ HTTP/1.1" 404 4947
2024-01-13 18:11:01,071 - WARNING, Module: "basehttp", Message: "GET /news/news/one_by_one/ HTTP/1.1" 404 4947
2024-01-13 18:11:02,497 - WARNING, Module: "basehttp", Message: "GET /news/news/one_by_one/ HTTP/1.1" 404 4947
2024-01-13 18:11:04,494 - INFO, Module: "basehttp", Message: "GET /news/ HTTP/1.1" 200 9755
2024-01-13 18:11:05,779 - INFO, Module: "basehttp", Message: "GET /news/one_by_one/ HTTP/1.1" 200 3648
2024-01-13 18:11:10,445 - INFO, Module: "basehttp", Message: "GET /news/ HTTP/1.1" 200 9755
2024-01-13 18:11:12,006 - INFO, Module: "basehttp", Message: "GET /news/search/ HTTP/1.1" 200 13303
2024-01-13 18:11:14,948 - INFO, Module: "basehttp", Message: "GET /news/ HTTP/1.1" 200 9755
2024-01-13 18:11:17,907 - WARNING, Module: "basehttp", Message: "GET /news/one_by_one/news/create HTTP/1.1" 404 4965
2024-01-13 18:11:35,189 - WARNING, Module: "basehttp", Message: "GET /news/news/create HTTP/1.1" 404 4932
2024-01-13 18:11:53,388 - INFO, Module: "basehttp", Message: "GET /news/ HTTP/1.1" 200 9751
2024-01-13 18:11:54,762 - WARNING, Module: "basehttp", Message: "GET /create HTTP/1.1" 404 2671
2024-01-13 18:12:02,668 - INFO, Module: "basehttp", Message: "GET /news/ HTTP/1.1" 200 9751
2024-01-13 18:12:03,846 - INFO, Module: "basehttp", Message: "GET /news/search/ HTTP/1.1" 200 13303
2024-01-13 18:12:04,896 - INFO, Module: "basehttp", Message: "GET /news/ HTTP/1.1" 200 9751
2024-01-13 18:12:08,770 - INFO, Module: "basehttp", Message: "GET /news/ HTTP/1.1" 200 9751
2024-01-13 18:12:09,790 - WARNING, Module: "basehttp", Message: "GET /create HTTP/1.1" 404 2671
2024-01-13 18:12:26,537 - WARNING, Module: "basehttp", Message: "GET /create HTTP/1.1" 404 2671
2024-01-13 18:12:27,638 - WARNING, Module: "basehttp", Message: "GET /create HTTP/1.1" 404 2671
2024-01-13 18:12:30,378 - WARNING, Module: "basehttp", Message: "GET /create HTTP/1.1" 404 2671
2024-01-13 18:12:34,144 - INFO, Module: "basehttp", Message: "GET /news/ HTTP/1.1" 200 9755
2024-01-13 18:12:35,472 - WARNING, Module: "basehttp", Message: "GET /news/news/create HTTP/1.1" 404 4932
2024-01-13 18:12:44,777 - WARNING, Module: "basehttp", Message: "GET /news/news/create HTTP/1.1" 404 4932
2024-01-13 18:12:47,094 - INFO, Module: "basehttp", Message: "GET /news/ HTTP/1.1" 200 9755
2024-01-13 18:12:50,436 - WARNING, Module: "basehttp", Message: "GET /news/one_by_one/search/ HTTP/1.1" 404 4953
2024-01-13 18:12:56,601 - WARNING, Module: "basehttp", Message: "GET /news/one_by_one/search/ HTTP/1.1" 404 4953
2024-01-13 18:12:59,783 - INFO, Module: "basehttp", Message: "GET /news/ HTTP/1.1" 200 9755
2024-01-13 18:13:00,967 - INFO, Module: "basehttp", Message: "GET /news/search/ HTTP/1.1" 200 13303
2024-01-13 18:13:09,497 - INFO, Module: "basehttp", Message: "GET /news/153 HTTP/1.1" 200 2975
2024-01-13 18:13:11,341 - WARNING, Module: "basehttp", Message: "GET /news/news/search/ HTTP/1.1" 404 4935
2024-01-13 18:13:53,677 - INFO, Module: "basehttp", Message: "GET /news/ HTTP/1.1" 200 9765
2024-01-13 18:13:54,914 - WARNING, Module: "basehttp", Message: "GET /news/news/search/ HTTP/1.1" 404 4935
2024-01-13 18:13:58,200 - WARNING, Module: "basehttp", Message: "GET /news/news/create HTTP/1.1" 404 4932
2024-01-13 18:14:01,493 - WARNING, Module: "basehttp", Message: "GET /news/news/one_by_one/ HTTP/1.1" 404 4947
2024-01-13 18:17:46,140 - INFO, Module: "autoreload", Message: Watching for file changes with StatReloader
2024-01-13 18:17:49,472 - INFO, Module: "basehttp", Message: "GET / HTTP/1.1" 200 1482
2024-01-13 18:17:51,822 - INFO, Module: "basehttp", Message: "GET /news/ HTTP/1.1" 200 9765
2024-01-13 18:17:53,380 - WARNING, Module: "basehttp", Message: "GET /news/news/search/ HTTP/1.1" 404 4935
2024-01-13 18:18:06,820 - INFO, Module: "basehttp", Message: "GET /news/search/ HTTP/1.1" 200 13303
2024-01-13 18:18:09,264 - INFO, Module: "basehttp", Message: "GET /news/ HTTP/1.1" 200 9765
2024-01-13 18:18:10,886 - WARNING, Module: "basehttp", Message: "GET /news/news/create HTTP/1.1" 404 4932
2024-01-13 18:18:18,258 - INFO, Module: "basehttp", Message: "GET /news/create HTTP/1.1" 301 0
2024-01-13 18:18:18,337 - INFO, Module: "basehttp", Message: "GET /news/create/ HTTP/1.1" 200 3298
2024-01-13 18:18:25,344 - INFO, Module: "basehttp", Message: "POST /i18n/setlang/ HTTP/1.1" 302 0
2024-01-13 18:18:25,416 - INFO, Module: "basehttp", Message: "GET /news/create/ HTTP/1.1" 200 3209
2024-01-13 18:18:33,224 - INFO, Module: "basehttp", Message: "GET /news HTTP/1.1" 301 0
2024-01-13 18:18:33,334 - INFO, Module: "basehttp", Message: "GET /news/ HTTP/1.1" 200 9349
2024-01-13 18:18:36,849 - WARNING, Module: "basehttp", Message: "GET /news/news/search/ HTTP/1.1" 404 4935
2024-01-13 18:18:44,158 - WARNING, Module: "basehttp", Message: "GET /news/news/create HTTP/1.1" 404 4932
2024-01-13 18:19:03,314 - INFO, Module: "basehttp", Message: "GET /news/ HTTP/1.1" 200 9345
2024-01-13 18:19:05,231 - WARNING, Module: "basehttp", Message: "GET /search/ HTTP/1.1" 404 2674
2024-01-13 18:19:16,956 - WARNING, Module: "basehttp", Message: "GET /search/ HTTP/1.1" 404 2674
2024-01-13 18:19:28,794 - WARNING, Module: "basehttp", Message: "GET /search/ HTTP/1.1" 404 2674
2024-01-13 18:19:33,064 - INFO, Module: "basehttp", Message: "GET /news/ HTTP/1.1" 200 9349
2024-01-13 18:19:34,668 - WARNING, Module: "basehttp", Message: "GET /news/news/search/ HTTP/1.1" 404 4935
2024-01-13 18:19:46,208 - INFO, Module: "basehttp", Message: "GET /news/ HTTP/1.1" 200 9344
2024-01-13 18:19:47,907 - INFO, Module: "basehttp", Message: "GET /news/search/ HTTP/1.1" 200 12950
2024-01-13 18:19:53,403 - INFO, Module: "basehttp", Message: "GET /news/ HTTP/1.1" 200 9344
2024-01-13 18:19:55,273 - WARNING, Module: "basehttp", Message: "GET /news/news/create HTTP/1.1" 404 4932
2024-01-13 18:20:06,224 - INFO, Module: "basehttp", Message: "GET /news/ HTTP/1.1" 200 9339
2024-01-13 18:20:07,380 - INFO, Module: "basehttp", Message: "GET /news/create HTTP/1.1" 301 0
2024-01-13 18:20:07,486 - INFO, Module: "basehttp", Message: "GET /news/create/ HTTP/1.1" 200 3209
2024-01-13 18:20:10,283 - WARNING, Module: "basehttp", Message: "GET /news/news/one_by_one/ HTTP/1.1" 404 4947
2024-01-13 18:20:19,335 - INFO, Module: "basehttp", Message: "GET /news/ HTTP/1.1" 200 9334
2024-01-13 18:20:20,502 - INFO, Module: "basehttp", Message: "GET /news/one_by_one/ HTTP/1.1" 200 3302
2024-01-13 18:20:22,550 - WARNING, Module: "basehttp", Message: "GET /news/one_by_one/search/ HTTP/1.1" 404 4953
2024-01-13 18:20:34,182 - WARNING, Module: "basehttp", Message: "GET /news/one_by_one/search/ HTTP/1.1" 404 4953
2024-01-13 18:21:04,495 - WARNING, Module: "basehttp", Message: "GET /news/one_by_one/search/ HTTP/1.1" 404 4953
2024-01-13 18:21:06,988 - INFO, Module: "basehttp", Message: "GET /news/one_by_one/ HTTP/1.1" 200 3302
2024-01-13 18:21:08,473 - WARNING, Module: "basehttp", Message: "GET /news/one_by_one/search/ HTTP/1.1" 404 4953
2024-01-13 18:21:36,692 - INFO, Module: "basehttp", Message: "GET /news/one_by_one/ HTTP/1.1" 200 3302
2024-01-13 18:21:37,966 - WARNING, Module: "basehttp", Message: "GET /news/one_by_one/search/ HTTP/1.1" 404 4953
2024-01-13 18:21:51,882 - INFO, Module: "basehttp", Message: "GET /news/one_by_one/ HTTP/1.1" 200 3302
2024-01-13 18:21:53,441 - WARNING, Module: "basehttp", Message: "GET /news/one_by_one/search/ HTTP/1.1" 404 4953
2024-01-13 18:22:02,373 - INFO, Module: "basehttp", Message: "GET /news/ HTTP/1.1" 200 9334
2024-01-13 18:22:03,730 - INFO, Module: "basehttp", Message: "GET /news/search/ HTTP/1.1" 200 12950
2024-01-13 18:22:05,356 - INFO, Module: "basehttp", Message: "GET /news/ HTTP/1.1" 200 9334
2024-01-13 18:22:06,675 - INFO, Module: "basehttp", Message: "GET /news/create/ HTTP/1.1" 200 3209
2024-01-13 18:22:08,645 - INFO, Module: "basehttp", Message: "GET /news/ HTTP/1.1" 200 9334
2024-01-13 18:22:12,115 - WARNING, Module: "basehttp", Message: "GET /news/one_by_one/create HTTP/1.1" 404 4950
2024-01-13 18:22:17,379 - INFO, Module: "basehttp", Message: "GET /news/ HTTP/1.1" 200 9334
2024-01-13 18:22:18,516 - INFO, Module: "basehttp", Message: "GET /news/create/ HTTP/1.1" 200 3209
2024-01-13 18:22:23,665 - INFO, Module: "basehttp", Message: "GET /news/search/ HTTP/1.1" 200 12950
2024-01-13 18:22:25,838 - INFO, Module: "basehttp", Message: "GET /news/ HTTP/1.1" 200 9334
2024-01-13 18:22:29,225 - INFO, Module: "basehttp", Message: "GET /news/create/ HTTP/1.1" 200 3209
2024-01-13 18:22:35,019 - WARNING, Module: "basehttp", Message: "GET /news/one_by_one/search/ HTTP/1.1" 404 4953
2024-01-13 18:22:41,598 - INFO, Module: "basehttp", Message: "GET /news/search/ HTTP/1.1" 200 12950
2024-01-13 18:22:46,495 - INFO, Module: "basehttp", Message: "GET /news/search/ HTTP/1.1" 200 12950
2024-01-13 18:23:48,389 - WARNING, Module: "basehttp", Message: "GET /news/one_by_one/search/ HTTP/1.1" 404 4953
2024-01-13 18:24:12,940 - INFO, Module: "basehttp", Message: "GET /news/one_by_one/ HTTP/1.1" 200 3302
2024-01-13 18:24:14,690 - WARNING, Module: "basehttp", Message: "GET /news/one_by_one/search/ HTTP/1.1" 404 4953
2024-01-13 18:24:37,465 - INFO, Module: "basehttp", Message: "GET /news/ HTTP/1.1" 200 9334
2024-01-13 18:24:39,745 - INFO, Module: "basehttp", Message: "GET /news/search/ HTTP/1.1" 200 12950
2024-01-13 18:24:43,583 - INFO, Module: "basehttp", Message: "GET /news/133 HTTP/1.1" 200 2865
2024-01-13 18:24:46,273 - WARNING, Module: "basehttp", Message: "GET /news/news/search/ HTTP/1.1" 404 4935
2024-01-13 18:25:18,139 - INFO, Module: "basehttp", Message: "GET /news/ HTTP/1.1" 200 9334
2024-01-13 18:25:20,886 - INFO, Module: "basehttp", Message: "POST /i18n/setlang/ HTTP/1.1" 302 0
2024-01-13 18:25:20,977 - INFO, Module: "basehttp", Message: "GET /news/ HTTP/1.1" 200 9750
2024-01-13 18:25:22,348 - INFO, Module: "basehttp", Message: "GET /news/one_by_one/ HTTP/1.1" 200 3643
2024-01-13 18:25:25,019 - WARNING, Module: "basehttp", Message: "GET /news/one_by_one/create HTTP/1.1" 404 4950
2024-01-13 18:25:33,885 - WARNING, Module: "basehttp", Message: "GET /news//create HTTP/1.1" 404 4920
2024-01-13 18:25:39,162 - INFO, Module: "basehttp", Message: "GET /news/create HTTP/1.1" 301 0
2024-01-13 18:25:39,212 - INFO, Module: "basehttp", Message: "GET /news/create/ HTTP/1.1" 200 3298
2024-01-13 18:25:42,494 - INFO, Module: "basehttp", Message: "GET /news/create/ HTTP/1.1" 200 3298
2024-01-13 18:25:47,489 - WARNING, Module: "basehttp", Message: "GET /news/one_by_one/search/ HTTP/1.1" 404 4953
2024-01-13 18:26:20,828 - INFO, Module: "basehttp", Message: "GET /news/one_by_one/ HTTP/1.1" 200 3643
2024-01-13 18:26:22,109 - WARNING, Module: "basehttp", Message: "GET /news/one_by_one/search/ HTTP/1.1" 404 4953
2024-01-13 18:27:03,262 - INFO, Module: "basehttp", Message: "GET /news/one_by_one/ HTTP/1.1" 200 3643
2024-01-13 18:27:12,800 - INFO, Module: "basehttp", Message: "GET /news HTTP/1.1" 301 0
2024-01-13 18:27:12,909 - INFO, Module: "basehttp", Message: "GET /news/ HTTP/1.1" 200 9750
2024-01-13 18:27:14,085 - INFO, Module: "basehttp", Message: "GET /news/search/ HTTP/1.1" 200 13303
2024-01-13 18:27:15,312 - INFO, Module: "basehttp", Message: "GET /news/ HTTP/1.1" 200 9750
2024-01-13 18:27:17,713 - INFO, Module: "basehttp", Message: "GET /news/search/ HTTP/1.1" 200 13303
2024-01-13 18:27:20,102 - INFO, Module: "basehttp", Message: "GET /news/ HTTP/1.1" 200 9750
2024-01-13 18:27:23,403 - WARNING, Module: "basehttp", Message: "GET /news/one_by_one/search/ HTTP/1.1" 404 4953
2024-01-13 18:27:48,161 - INFO, Module: "basehttp", Message: "GET /news/one_by_one/ HTTP/1.1" 200 3643
2024-01-13 18:27:51,770 - WARNING, Module: "basehttp", Message: "GET /news/one_by_one/search/ HTTP/1.1" 404 4953
2024-01-13 18:30:59,787 - INFO, Module: "basehttp", Message: "POST /i18n/setlang/ HTTP/1.1" 302 0
2024-01-13 18:30:59,902 - INFO, Module: "basehttp", Message: "GET /news/one_by_one/ HTTP/1.1" 200 3302
2024-01-13 18:31:01,792 - INFO, Module: "basehttp", Message: "POST /i18n/setlang/ HTTP/1.1" 302 0
2024-01-13 18:31:01,860 - INFO, Module: "basehttp", Message: "GET /news/one_by_one/ HTTP/1.1" 200 3643
2024-01-13 18:31:56,105 - INFO, Module: "basehttp", Message: "GET /news/ HTTP/1.1" 200 9750
2024-01-13 18:32:01,467 - INFO, Module: "basehttp", Message: "GET /news/search/ HTTP/1.1" 200 13303
2024-01-13 18:32:05,608 - INFO, Module: "basehttp", Message: "GET /news/ HTTP/1.1" 200 9750
2024-01-13 18:32:26,307 - INFO, Module: "basehttp", Message: "GET /news/ HTTP/1.1" 200 9750
2024-01-13 18:32:37,779 - INFO, Module: "basehttp", Message: "GET /news/ HTTP/1.1" 200 9750
2024-01-13 18:32:49,997 - INFO, Module: "basehttp", Message: "GET /news/ HTTP/1.1" 200 9750
2024-01-13 18:32:51,987 - INFO, Module: "basehttp", Message: "GET /news/search/ HTTP/1.1" 200 13303
2024-01-13 18:32:54,048 - INFO, Module: "basehttp", Message: "GET /news/ HTTP/1.1" 200 9750
2024-01-13 18:32:57,369 - INFO, Module: "basehttp", Message: "GET /news/create/ HTTP/1.1" 200 3298
2024-01-13 18:32:59,273 - INFO, Module: "basehttp", Message: "GET /news/ HTTP/1.1" 200 9750
2024-01-13 18:33:01,544 - INFO, Module: "basehttp", Message: "GET /news/create/ HTTP/1.1" 200 3298
2024-01-13 18:33:03,317 - INFO, Module: "basehttp", Message: "POST /i18n/setlang/ HTTP/1.1" 302 0
2024-01-13 18:33:03,344 - INFO, Module: "basehttp", Message: "GET /news/create/ HTTP/1.1" 200 3298
2024-01-13 18:33:06,154 - INFO, Module: "basehttp", Message: "POST /i18n/setlang/ HTTP/1.1" 302 0
2024-01-13 18:33:06,182 - INFO, Module: "basehttp", Message: "GET /news/create/ HTTP/1.1" 200 3209
2024-01-13 18:33:08,156 - INFO, Module: "basehttp", Message: "GET /news HTTP/1.1" 301 0
2024-01-13 18:33:08,252 - INFO, Module: "basehttp", Message: "GET /news/ HTTP/1.1" 200 9334
2024-01-13 18:33:12,710 - INFO, Module: "basehttp", Message: "POST /i18n/setlang/ HTTP/1.1" 302 0
2024-01-13 18:33:12,810 - INFO, Module: "basehttp", Message: "GET /news/ HTTP/1.1" 200 9750
2024-01-13 18:33:45,933 - INFO, Module: "basehttp", Message: "GET /news/ HTTP/1.1" 200 9770
2024-01-13 18:33:55,827 - INFO, Module: "basehttp", Message: "GET /news HTTP/1.1" 301 0
2024-01-13 18:33:55,923 - INFO, Module: "basehttp", Message: "GET /news/ HTTP/1.1" 200 9770
2024-01-13 18:34:07,928 - INFO, Module: "basehttp", Message: "GET /news/ HTTP/1.1" 200 9770
2024-01-13 18:34:14,128 - INFO, Module: "basehttp", Message: "GET /news/ HTTP/1.1" 200 9770
2024-01-13 18:34:35,083 - WARNING, Module: "basehttp", Message: "GET /news/one_by_one/search/ HTTP/1.1" 404 4953
2024-01-13 18:35:06,668 - INFO, Module: "basehttp", Message: "GET /news/ HTTP/1.1" 200 9770
2024-01-13 18:35:22,715 - INFO, Module: "basehttp", Message: "GET /news/ HTTP/1.1" 200 9776
2024-01-13 18:35:46,853 - INFO, Module: "basehttp", Message: "GET /news/ HTTP/1.1" 200 9776
2024-01-13 18:35:51,306 - WARNING, Module: "basehttp", Message: "GET /news/one_by_one/search/ HTTP/1.1" 404 4953
2024-01-13 18:35:55,700 - INFO, Module: "basehttp", Message: "GET /news/search/ HTTP/1.1" 200 13303
2024-01-13 18:36:02,940 - INFO, Module: "basehttp", Message: "GET /news/ HTTP/1.1" 200 9776
2024-01-13 18:36:05,648 - INFO, Module: "basehttp", Message: "GET /news/one_by_one/ HTTP/1.1" 200 3669
2024-01-13 18:36:14,176 - WARNING, Module: "basehttp", Message: "GET /news/one_by_one/search/ HTTP/1.1" 404 4953
2024-01-13 18:36:27,600 - INFO, Module: "basehttp", Message: "GET /news/one_by_one/ HTTP/1.1" 200 3669
2024-01-13 18:36:29,117 - WARNING, Module: "basehttp", Message: "GET /news/one_by_one/search/ HTTP/1.1" 404 4953
2024-01-13 18:36:34,064 - WARNING, Module: "basehttp", Message: "GET /news/one_by_one/create HTTP/1.1" 404 4950
2024-01-13 18:36:37,996 - INFO, Module: "basehttp", Message: "GET /news/one_by_one/ HTTP/1.1" 200 3669
2024-01-13 18:36:39,533 - WARNING, Module: "basehttp", Message: "GET /news/one_by_one/search/ HTTP/1.1" 404 4953
2024-01-13 18:37:15,554 - INFO, Module: "basehttp", Message: "GET /news/ HTTP/1.1" 200 9776
2024-01-13 18:39:34,110 - INFO, Module: "basehttp", Message: "GET /news/create/ HTTP/1.1" 200 3298
2024-01-13 18:39:40,297 - INFO, Module: "basehttp", Message: "GET /news/ HTTP/1.1" 200 9776
2024-01-13 18:39:49,717 - WARNING, Module: "basehttp", Message: "GET /news/one_by_one/search/ HTTP/1.1" 404 4953
2024-01-13 18:40:10,375 - WARNING, Module: "basehttp", Message: "GET /news/one_by_one/search/ HTTP/1.1" 404 4953
2024-01-13 18:40:20,863 - INFO, Module: "basehttp", Message: "GET /news/ HTTP/1.1" 200 9776
2024-01-13 18:40:46,220 - INFO, Module: "basehttp", Message: "GET /news/one_by_one/ HTTP/1.1" 200 3669
2024-01-13 18:40:48,961 - INFO, Module: "basehttp", Message: "GET /news/one_by_one/ HTTP/1.1" 200 3669
2024-01-13 18:40:51,173 - INFO, Module: "basehttp", Message: "GET /news/ HTTP/1.1" 200 9776
2024-01-13 18:41:13,262 - INFO, Module: "basehttp", Message: "GET /news/ HTTP/1.1" 200 9776
2024-01-13 18:41:24,329 - INFO, Module: "basehttp", Message: "GET /news/one_by_one/ HTTP/1.1" 200 3669
2024-01-13 18:41:28,382 - INFO, Module: "basehttp", Message: "GET /news/one_by_one/ HTTP/1.1" 200 3669
2024-01-13 18:41:37,388 - INFO, Module: "basehttp", Message: "GET /news/ HTTP/1.1" 200 9776
2024-01-13 18:41:54,214 - WARNING, Module: "basehttp", Message: "GET /news/one_by_one/search/ HTTP/1.1" 404 4953
2024-01-13 18:42:07,503 - WARNING, Module: "basehttp", Message: "GET /news/one_by_one/search/ HTTP/1.1" 404 4953
2024-01-13 18:42:11,466 - INFO, Module: "basehttp", Message: "GET /news/ HTTP/1.1" 200 9776
2024-01-13 18:42:12,676 - INFO, Module: "basehttp", Message: "GET /news/search/ HTTP/1.1" 200 13303
2024-01-13 18:42:19,573 - INFO, Module: "basehttp", Message: "POST /i18n/setlang/ HTTP/1.1" 302 0
2024-01-13 18:42:19,745 - INFO, Module: "basehttp", Message: "GET /news/search/ HTTP/1.1" 200 12950
2024-01-13 18:42:35,246 - INFO, Module: "basehttp", Message: "GET /news HTTP/1.1" 301 0
2024-01-13 18:42:35,354 - INFO, Module: "basehttp", Message: "GET /news/ HTTP/1.1" 200 9360
2024-01-13 18:42:44,995 - INFO, Module: "basehttp", Message: "POST /i18n/setlang/ HTTP/1.1" 302 0
2024-01-13 18:42:45,108 - INFO, Module: "basehttp", Message: "GET /news/ HTTP/1.1" 200 9776
2024-01-13 18:43:36,769 - INFO, Module: "basehttp", Message: "POST /i18n/setlang/ HTTP/1.1" 302 0
2024-01-13 18:43:36,873 - INFO, Module: "basehttp", Message: "GET /news/ HTTP/1.1" 200 9360
2024-01-13 18:46:40,892 - INFO, Module: "autoreload", Message: Watching for file changes with StatReloader
2024-01-13 18:46:45,496 - INFO, Module: "basehttp", Message: "GET /news/ HTTP/1.1" 200 9365
2024-01-13 18:46:48,428 - INFO, Module: "basehttp", Message: "GET /news/one_by_one/ HTTP/1.1" 200 3328
2024-01-13 18:46:53,737 - WARNING, Module: "basehttp", Message: "GET /news/one_by_one/search/ HTTP/1.1" 404 4953
2024-01-13 18:47:26,829 - INFO, Module: "basehttp", Message: "GET /news/ HTTP/1.1" 200 9365
2024-01-13 18:47:29,451 - INFO, Module: "basehttp", Message: "GET /news/search/ HTTP/1.1" 200 12950
2024-01-13 18:47:31,671 - INFO, Module: "basehttp", Message: "GET /news/ HTTP/1.1" 200 9365
2024-01-13 18:47:34,720 - WARNING, Module: "basehttp", Message: "GET /news/one_by_one/search/ HTTP/1.1" 404 4953
2024-01-13 18:49:07,656 - WARNING, Module: "basehttp", Message: "GET /news/one_by_one/search/ HTTP/1.1" 404 4953
2024-01-13 18:49:10,494 - INFO, Module: "basehttp", Message: "GET /news/ HTTP/1.1" 200 9365
2024-01-13 18:49:21,983 - INFO, Module: "basehttp", Message: "GET /news/search/ HTTP/1.1" 200 12950
2024-01-13 18:49:27,890 - INFO, Module: "basehttp", Message: "GET /news/153 HTTP/1.1" 200 2828
2024-01-13 18:49:40,983 - INFO, Module: "basehttp", Message: "POST /i18n/setlang/ HTTP/1.1" 302 0
2024-01-13 18:49:41,034 - INFO, Module: "basehttp", Message: "GET /news/153 HTTP/1.1" 200 3002
2024-01-13 18:49:50,451 - INFO, Module: "basehttp", Message: "POST /i18n/setlang/ HTTP/1.1" 302 0
2024-01-13 18:49:50,489 - INFO, Module: "basehttp", Message: "GET /news/153 HTTP/1.1" 200 2828
2024-01-13 18:51:22,629 - WARNING, Module: "basehttp", Message: "GET /news/news/search/ HTTP/1.1" 404 4935
2024-01-13 19:04:01,349 - INFO, Module: "autoreload", Message: Watching for file changes with StatReloader
2024-01-13 19:04:04,095 - WARNING, Module: "basehttp", Message: "GET /news/news/search/ HTTP/1.1" 404 4935
2024-01-13 19:04:09,590 - INFO, Module: "basehttp", Message: "GET /news/search/ HTTP/1.1" 200 12950
2024-01-13 19:04:16,156 - INFO, Module: "basehttp", Message: "POST /i18n/setlang/ HTTP/1.1" 302 0
2024-01-13 19:04:16,331 - INFO, Module: "basehttp", Message: "GET /news/search/ HTTP/1.1" 200 13303
2024-01-13 19:04:21,061 - INFO, Module: "basehttp", Message: "POST /i18n/setlang/ HTTP/1.1" 302 0
2024-01-13 19:04:21,238 - INFO, Module: "basehttp", Message: "GET /news/search/ HTTP/1.1" 200 12950
2024-01-13 19:04:46,150 - INFO, Module: "basehttp", Message: "GET /news/ HTTP/1.1" 200 9365
2024-01-13 19:04:50,170 - INFO, Module: "basehttp", Message: "POST /i18n/setlang/ HTTP/1.1" 302 0
2024-01-13 19:04:50,286 - INFO, Module: "basehttp", Message: "GET /news/ HTTP/1.1" 200 9776
2024-01-13 19:04:56,575 - INFO, Module: "basehttp", Message: "POST /i18n/setlang/ HTTP/1.1" 302 0
2024-01-13 19:04:56,678 - INFO, Module: "basehttp", Message: "GET /news/ HTTP/1.1" 200 9365
2024-01-13 19:05:04,034 - INFO, Module: "basehttp", Message: "GET /news/search/ HTTP/1.1" 200 12950
2024-01-13 19:05:06,914 - INFO, Module: "basehttp", Message: "GET /news/ HTTP/1.1" 200 9365
2024-01-13 19:05:08,676 - INFO, Module: "basehttp", Message: "GET /news/one_by_one/ HTTP/1.1" 200 3328
2024-01-13 19:05:10,458 - WARNING, Module: "basehttp", Message: "GET /news/one_by_one/search/ HTTP/1.1" 404 4953
